versions pytest-4.4.0, py-1.8.0, python-3.6.7.final.0
cwd=/home/john/datagov-deploy/ansible/roles/software/ckan/catalog/pycsw-app/molecule/default
args=['--connection=ansible', '--ansible-inventory=/tmp/molecule/pycsw-app/default/inventory/ansible_inventory.yml', '-p', 'no:cacheprovider', '--debug', '/home/john/datagov-deploy/ansible/roles/software/ckan/catalog/pycsw-app/molecule/default/tests/test_default.py', '-vvv']

  pytest_cmdline_main [hook]
      config: <_pytest.config.Config object at 0x7fbef82d5f28>
    pytest_plugin_registered [hook]
        plugin: <Session default exitstatus='<UNSET>' testsfailed=0 testscollected=0>
        manager: <_pytest.config.PytestPluginManager object at 0x7fbefa405fd0>
    finish pytest_plugin_registered --> [] [hook]
    pytest_configure [hook]
        config: <_pytest.config.Config object at 0x7fbef82d5f28>
    early skip of rewriting module: py._io [assertion]
    early skip of rewriting module: py._io.terminalwriter [assertion]
    early skip of rewriting module: unicodedata [assertion]
    early skip of rewriting module: py._builtin [assertion]
      pytest_plugin_registered [hook]
          plugin: <_pytest.config.PytestPluginManager object at 0x7fbefa405fd0>
          manager: <_pytest.config.PytestPluginManager object at 0x7fbefa405fd0>
      finish pytest_plugin_registered --> [] [hook]
      pytest_plugin_registered [hook]
          plugin: <_pytest.config.Config object at 0x7fbef82d5f28>
          manager: <_pytest.config.PytestPluginManager object at 0x7fbefa405fd0>
      finish pytest_plugin_registered --> [] [hook]
      pytest_plugin_registered [hook]
          plugin: <module '_pytest.mark' from '/home/john/.local/share/virtualenvs/pycsw-app-rPdtfims/lib/python3.6/site-packages/_pytest/mark/__init__.py'>
          manager: <_pytest.config.PytestPluginManager object at 0x7fbefa405fd0>
      finish pytest_plugin_registered --> [] [hook]
      pytest_plugin_registered [hook]
          plugin: <module '_pytest.main' from '/home/john/.local/share/virtualenvs/pycsw-app-rPdtfims/lib/python3.6/site-packages/_pytest/main.py'>
          manager: <_pytest.config.PytestPluginManager object at 0x7fbefa405fd0>
      finish pytest_plugin_registered --> [] [hook]
      pytest_plugin_registered [hook]
          plugin: <module '_pytest.terminal' from '/home/john/.local/share/virtualenvs/pycsw-app-rPdtfims/lib/python3.6/site-packages/_pytest/terminal.py'>
          manager: <_pytest.config.PytestPluginManager object at 0x7fbefa405fd0>
      finish pytest_plugin_registered --> [] [hook]
      pytest_plugin_registered [hook]
          plugin: <module '_pytest.runner' from '/home/john/.local/share/virtualenvs/pycsw-app-rPdtfims/lib/python3.6/site-packages/_pytest/runner.py'>
          manager: <_pytest.config.PytestPluginManager object at 0x7fbefa405fd0>
      finish pytest_plugin_registered --> [] [hook]
      pytest_plugin_registered [hook]
          plugin: <module '_pytest.python' from '/home/john/.local/share/virtualenvs/pycsw-app-rPdtfims/lib/python3.6/site-packages/_pytest/python.py'>
          manager: <_pytest.config.PytestPluginManager object at 0x7fbefa405fd0>
      finish pytest_plugin_registered --> [] [hook]
      pytest_plugin_registered [hook]
          plugin: <module '_pytest.fixtures' from '/home/john/.local/share/virtualenvs/pycsw-app-rPdtfims/lib/python3.6/site-packages/_pytest/fixtures.py'>
          manager: <_pytest.config.PytestPluginManager object at 0x7fbefa405fd0>
      finish pytest_plugin_registered --> [] [hook]
      pytest_plugin_registered [hook]
          plugin: <module '_pytest.debugging' from '/home/john/.local/share/virtualenvs/pycsw-app-rPdtfims/lib/python3.6/site-packages/_pytest/debugging.py'>
          manager: <_pytest.config.PytestPluginManager object at 0x7fbefa405fd0>
      finish pytest_plugin_registered --> [] [hook]
      pytest_plugin_registered [hook]
          plugin: <module '_pytest.unittest' from '/home/john/.local/share/virtualenvs/pycsw-app-rPdtfims/lib/python3.6/site-packages/_pytest/unittest.py'>
          manager: <_pytest.config.PytestPluginManager object at 0x7fbefa405fd0>
      finish pytest_plugin_registered --> [] [hook]
      pytest_plugin_registered [hook]
          plugin: <module '_pytest.capture' from '/home/john/.local/share/virtualenvs/pycsw-app-rPdtfims/lib/python3.6/site-packages/_pytest/capture.py'>
          manager: <_pytest.config.PytestPluginManager object at 0x7fbefa405fd0>
      finish pytest_plugin_registered --> [] [hook]
      pytest_plugin_registered [hook]
          plugin: <module '_pytest.skipping' from '/home/john/.local/share/virtualenvs/pycsw-app-rPdtfims/lib/python3.6/site-packages/_pytest/skipping.py'>
          manager: <_pytest.config.PytestPluginManager object at 0x7fbefa405fd0>
      finish pytest_plugin_registered --> [] [hook]
      pytest_plugin_registered [hook]
          plugin: <module '_pytest.tmpdir' from '/home/john/.local/share/virtualenvs/pycsw-app-rPdtfims/lib/python3.6/site-packages/_pytest/tmpdir.py'>
          manager: <_pytest.config.PytestPluginManager object at 0x7fbefa405fd0>
      finish pytest_plugin_registered --> [] [hook]
      pytest_plugin_registered [hook]
          plugin: <module '_pytest.monkeypatch' from '/home/john/.local/share/virtualenvs/pycsw-app-rPdtfims/lib/python3.6/site-packages/_pytest/monkeypatch.py'>
          manager: <_pytest.config.PytestPluginManager object at 0x7fbefa405fd0>
      finish pytest_plugin_registered --> [] [hook]
      pytest_plugin_registered [hook]
          plugin: <module '_pytest.recwarn' from '/home/john/.local/share/virtualenvs/pycsw-app-rPdtfims/lib/python3.6/site-packages/_pytest/recwarn.py'>
          manager: <_pytest.config.PytestPluginManager object at 0x7fbefa405fd0>
      finish pytest_plugin_registered --> [] [hook]
      pytest_plugin_registered [hook]
          plugin: <module '_pytest.pastebin' from '/home/john/.local/share/virtualenvs/pycsw-app-rPdtfims/lib/python3.6/site-packages/_pytest/pastebin.py'>
          manager: <_pytest.config.PytestPluginManager object at 0x7fbefa405fd0>
      finish pytest_plugin_registered --> [] [hook]
      pytest_plugin_registered [hook]
          plugin: <module '_pytest.helpconfig' from '/home/john/.local/share/virtualenvs/pycsw-app-rPdtfims/lib/python3.6/site-packages/_pytest/helpconfig.py'>
          manager: <_pytest.config.PytestPluginManager object at 0x7fbefa405fd0>
      finish pytest_plugin_registered --> [] [hook]
      pytest_plugin_registered [hook]
          plugin: <module '_pytest.nose' from '/home/john/.local/share/virtualenvs/pycsw-app-rPdtfims/lib/python3.6/site-packages/_pytest/nose.py'>
          manager: <_pytest.config.PytestPluginManager object at 0x7fbefa405fd0>
      finish pytest_plugin_registered --> [] [hook]
      pytest_plugin_registered [hook]
          plugin: <module '_pytest.assertion' from '/home/john/.local/share/virtualenvs/pycsw-app-rPdtfims/lib/python3.6/site-packages/_pytest/assertion/__init__.py'>
          manager: <_pytest.config.PytestPluginManager object at 0x7fbefa405fd0>
      finish pytest_plugin_registered --> [] [hook]
      pytest_plugin_registered [hook]
          plugin: <module '_pytest.junitxml' from '/home/john/.local/share/virtualenvs/pycsw-app-rPdtfims/lib/python3.6/site-packages/_pytest/junitxml.py'>
          manager: <_pytest.config.PytestPluginManager object at 0x7fbefa405fd0>
      finish pytest_plugin_registered --> [] [hook]
      pytest_plugin_registered [hook]
          plugin: <module '_pytest.resultlog' from '/home/john/.local/share/virtualenvs/pycsw-app-rPdtfims/lib/python3.6/site-packages/_pytest/resultlog.py'>
          manager: <_pytest.config.PytestPluginManager object at 0x7fbefa405fd0>
      finish pytest_plugin_registered --> [] [hook]
      pytest_plugin_registered [hook]
          plugin: <module '_pytest.doctest' from '/home/john/.local/share/virtualenvs/pycsw-app-rPdtfims/lib/python3.6/site-packages/_pytest/doctest.py'>
          manager: <_pytest.config.PytestPluginManager object at 0x7fbefa405fd0>
      finish pytest_plugin_registered --> [] [hook]
      pytest_plugin_registered [hook]
          plugin: <module '_pytest.freeze_support' from '/home/john/.local/share/virtualenvs/pycsw-app-rPdtfims/lib/python3.6/site-packages/_pytest/freeze_support.py'>
          manager: <_pytest.config.PytestPluginManager object at 0x7fbefa405fd0>
      finish pytest_plugin_registered --> [] [hook]
      pytest_plugin_registered [hook]
          plugin: <module '_pytest.setuponly' from '/home/john/.local/share/virtualenvs/pycsw-app-rPdtfims/lib/python3.6/site-packages/_pytest/setuponly.py'>
          manager: <_pytest.config.PytestPluginManager object at 0x7fbefa405fd0>
      finish pytest_plugin_registered --> [] [hook]
      pytest_plugin_registered [hook]
          plugin: <module '_pytest.setupplan' from '/home/john/.local/share/virtualenvs/pycsw-app-rPdtfims/lib/python3.6/site-packages/_pytest/setupplan.py'>
          manager: <_pytest.config.PytestPluginManager object at 0x7fbefa405fd0>
      finish pytest_plugin_registered --> [] [hook]
      pytest_plugin_registered [hook]
          plugin: <module '_pytest.warnings' from '/home/john/.local/share/virtualenvs/pycsw-app-rPdtfims/lib/python3.6/site-packages/_pytest/warnings.py'>
          manager: <_pytest.config.PytestPluginManager object at 0x7fbefa405fd0>
      finish pytest_plugin_registered --> [] [hook]
      pytest_plugin_registered [hook]
          plugin: <module '_pytest.logging' from '/home/john/.local/share/virtualenvs/pycsw-app-rPdtfims/lib/python3.6/site-packages/_pytest/logging.py'>
          manager: <_pytest.config.PytestPluginManager object at 0x7fbefa405fd0>
      finish pytest_plugin_registered --> [] [hook]
      pytest_plugin_registered [hook]
          plugin: <module '_pytest.reports' from '/home/john/.local/share/virtualenvs/pycsw-app-rPdtfims/lib/python3.6/site-packages/_pytest/reports.py'>
          manager: <_pytest.config.PytestPluginManager object at 0x7fbefa405fd0>
      finish pytest_plugin_registered --> [] [hook]
      pytest_plugin_registered [hook]
          plugin: <module 'testinfra.plugin' from '/home/john/.local/share/virtualenvs/pycsw-app-rPdtfims/lib/python3.6/site-packages/testinfra/plugin.py'>
          manager: <_pytest.config.PytestPluginManager object at 0x7fbefa405fd0>
      finish pytest_plugin_registered --> [] [hook]
      pytest_plugin_registered [hook]
          plugin: <CaptureManager _method='fd' _global_capturing=<MultiCapture out=<FDCapture 1 oldfd=5> err=<FDCapture 2 oldfd=6> in_=<FDCapture 0 oldfd=3>> _current_item=None>
          manager: <_pytest.config.PytestPluginManager object at 0x7fbefa405fd0>
      finish pytest_plugin_registered --> [] [hook]
      pytest_plugin_registered [hook]
          plugin: <Session default exitstatus=0 testsfailed=0 testscollected=0>
          manager: <_pytest.config.PytestPluginManager object at 0x7fbefa405fd0>
      finish pytest_plugin_registered --> [] [hook]
      pytest_plugin_registered [hook]
          plugin: <_pytest.terminal.TerminalReporter object at 0x7fbef7e8f048>
          manager: <_pytest.config.PytestPluginManager object at 0x7fbefa405fd0>
      finish pytest_plugin_registered --> [] [hook]
      pytest_plugin_registered [hook]
          plugin: <_pytest.logging.LoggingPlugin object at 0x7fbef7e8bba8>
          manager: <_pytest.config.PytestPluginManager object at 0x7fbefa405fd0>
      finish pytest_plugin_registered --> [] [hook]
    finish pytest_configure --> [] [hook]
    pytest_sessionstart [hook]
        session: <Session default exitstatus=0 testsfailed=0 testscollected=0>
      pytest_plugin_registered [hook]
          plugin: <_pytest.config.PytestPluginManager object at 0x7fbefa405fd0>
          manager: <_pytest.config.PytestPluginManager object at 0x7fbefa405fd0>
      finish pytest_plugin_registered --> [] [hook]
      pytest_plugin_registered [hook]
          plugin: <_pytest.config.Config object at 0x7fbef82d5f28>
          manager: <_pytest.config.PytestPluginManager object at 0x7fbefa405fd0>
      finish pytest_plugin_registered --> [] [hook]
      pytest_plugin_registered [hook]
          plugin: <module '_pytest.mark' from '/home/john/.local/share/virtualenvs/pycsw-app-rPdtfims/lib/python3.6/site-packages/_pytest/mark/__init__.py'>
          manager: <_pytest.config.PytestPluginManager object at 0x7fbefa405fd0>
      finish pytest_plugin_registered --> [] [hook]
      pytest_plugin_registered [hook]
          plugin: <module '_pytest.main' from '/home/john/.local/share/virtualenvs/pycsw-app-rPdtfims/lib/python3.6/site-packages/_pytest/main.py'>
          manager: <_pytest.config.PytestPluginManager object at 0x7fbefa405fd0>
      finish pytest_plugin_registered --> [] [hook]
      pytest_plugin_registered [hook]
          plugin: <module '_pytest.terminal' from '/home/john/.local/share/virtualenvs/pycsw-app-rPdtfims/lib/python3.6/site-packages/_pytest/terminal.py'>
          manager: <_pytest.config.PytestPluginManager object at 0x7fbefa405fd0>
      finish pytest_plugin_registered --> [] [hook]
      pytest_plugin_registered [hook]
          plugin: <module '_pytest.runner' from '/home/john/.local/share/virtualenvs/pycsw-app-rPdtfims/lib/python3.6/site-packages/_pytest/runner.py'>
          manager: <_pytest.config.PytestPluginManager object at 0x7fbefa405fd0>
      finish pytest_plugin_registered --> [] [hook]
      pytest_plugin_registered [hook]
          plugin: <module '_pytest.python' from '/home/john/.local/share/virtualenvs/pycsw-app-rPdtfims/lib/python3.6/site-packages/_pytest/python.py'>
          manager: <_pytest.config.PytestPluginManager object at 0x7fbefa405fd0>
      finish pytest_plugin_registered --> [] [hook]
      pytest_plugin_registered [hook]
          plugin: <module '_pytest.fixtures' from '/home/john/.local/share/virtualenvs/pycsw-app-rPdtfims/lib/python3.6/site-packages/_pytest/fixtures.py'>
          manager: <_pytest.config.PytestPluginManager object at 0x7fbefa405fd0>
      finish pytest_plugin_registered --> [] [hook]
      pytest_plugin_registered [hook]
          plugin: <module '_pytest.debugging' from '/home/john/.local/share/virtualenvs/pycsw-app-rPdtfims/lib/python3.6/site-packages/_pytest/debugging.py'>
          manager: <_pytest.config.PytestPluginManager object at 0x7fbefa405fd0>
      finish pytest_plugin_registered --> [] [hook]
      pytest_plugin_registered [hook]
          plugin: <module '_pytest.unittest' from '/home/john/.local/share/virtualenvs/pycsw-app-rPdtfims/lib/python3.6/site-packages/_pytest/unittest.py'>
          manager: <_pytest.config.PytestPluginManager object at 0x7fbefa405fd0>
      finish pytest_plugin_registered --> [] [hook]
      pytest_plugin_registered [hook]
          plugin: <module '_pytest.capture' from '/home/john/.local/share/virtualenvs/pycsw-app-rPdtfims/lib/python3.6/site-packages/_pytest/capture.py'>
          manager: <_pytest.config.PytestPluginManager object at 0x7fbefa405fd0>
      finish pytest_plugin_registered --> [] [hook]
      pytest_plugin_registered [hook]
          plugin: <module '_pytest.skipping' from '/home/john/.local/share/virtualenvs/pycsw-app-rPdtfims/lib/python3.6/site-packages/_pytest/skipping.py'>
          manager: <_pytest.config.PytestPluginManager object at 0x7fbefa405fd0>
      finish pytest_plugin_registered --> [] [hook]
      pytest_plugin_registered [hook]
          plugin: <module '_pytest.tmpdir' from '/home/john/.local/share/virtualenvs/pycsw-app-rPdtfims/lib/python3.6/site-packages/_pytest/tmpdir.py'>
          manager: <_pytest.config.PytestPluginManager object at 0x7fbefa405fd0>
      finish pytest_plugin_registered --> [] [hook]
      pytest_plugin_registered [hook]
          plugin: <module '_pytest.monkeypatch' from '/home/john/.local/share/virtualenvs/pycsw-app-rPdtfims/lib/python3.6/site-packages/_pytest/monkeypatch.py'>
          manager: <_pytest.config.PytestPluginManager object at 0x7fbefa405fd0>
      finish pytest_plugin_registered --> [] [hook]
      pytest_plugin_registered [hook]
          plugin: <module '_pytest.recwarn' from '/home/john/.local/share/virtualenvs/pycsw-app-rPdtfims/lib/python3.6/site-packages/_pytest/recwarn.py'>
          manager: <_pytest.config.PytestPluginManager object at 0x7fbefa405fd0>
      finish pytest_plugin_registered --> [] [hook]
      pytest_plugin_registered [hook]
          plugin: <module '_pytest.pastebin' from '/home/john/.local/share/virtualenvs/pycsw-app-rPdtfims/lib/python3.6/site-packages/_pytest/pastebin.py'>
          manager: <_pytest.config.PytestPluginManager object at 0x7fbefa405fd0>
      finish pytest_plugin_registered --> [] [hook]
      pytest_plugin_registered [hook]
          plugin: <module '_pytest.helpconfig' from '/home/john/.local/share/virtualenvs/pycsw-app-rPdtfims/lib/python3.6/site-packages/_pytest/helpconfig.py'>
          manager: <_pytest.config.PytestPluginManager object at 0x7fbefa405fd0>
      finish pytest_plugin_registered --> [] [hook]
      pytest_plugin_registered [hook]
          plugin: <module '_pytest.nose' from '/home/john/.local/share/virtualenvs/pycsw-app-rPdtfims/lib/python3.6/site-packages/_pytest/nose.py'>
          manager: <_pytest.config.PytestPluginManager object at 0x7fbefa405fd0>
      finish pytest_plugin_registered --> [] [hook]
      pytest_plugin_registered [hook]
          plugin: <module '_pytest.assertion' from '/home/john/.local/share/virtualenvs/pycsw-app-rPdtfims/lib/python3.6/site-packages/_pytest/assertion/__init__.py'>
          manager: <_pytest.config.PytestPluginManager object at 0x7fbefa405fd0>
      finish pytest_plugin_registered --> [] [hook]
      pytest_plugin_registered [hook]
          plugin: <module '_pytest.junitxml' from '/home/john/.local/share/virtualenvs/pycsw-app-rPdtfims/lib/python3.6/site-packages/_pytest/junitxml.py'>
          manager: <_pytest.config.PytestPluginManager object at 0x7fbefa405fd0>
      finish pytest_plugin_registered --> [] [hook]
      pytest_plugin_registered [hook]
          plugin: <module '_pytest.resultlog' from '/home/john/.local/share/virtualenvs/pycsw-app-rPdtfims/lib/python3.6/site-packages/_pytest/resultlog.py'>
          manager: <_pytest.config.PytestPluginManager object at 0x7fbefa405fd0>
      finish pytest_plugin_registered --> [] [hook]
      pytest_plugin_registered [hook]
          plugin: <module '_pytest.doctest' from '/home/john/.local/share/virtualenvs/pycsw-app-rPdtfims/lib/python3.6/site-packages/_pytest/doctest.py'>
          manager: <_pytest.config.PytestPluginManager object at 0x7fbefa405fd0>
      finish pytest_plugin_registered --> [] [hook]
      pytest_plugin_registered [hook]
          plugin: <module '_pytest.freeze_support' from '/home/john/.local/share/virtualenvs/pycsw-app-rPdtfims/lib/python3.6/site-packages/_pytest/freeze_support.py'>
          manager: <_pytest.config.PytestPluginManager object at 0x7fbefa405fd0>
      finish pytest_plugin_registered --> [] [hook]
      pytest_plugin_registered [hook]
          plugin: <module '_pytest.setuponly' from '/home/john/.local/share/virtualenvs/pycsw-app-rPdtfims/lib/python3.6/site-packages/_pytest/setuponly.py'>
          manager: <_pytest.config.PytestPluginManager object at 0x7fbefa405fd0>
      finish pytest_plugin_registered --> [] [hook]
      pytest_plugin_registered [hook]
          plugin: <module '_pytest.setupplan' from '/home/john/.local/share/virtualenvs/pycsw-app-rPdtfims/lib/python3.6/site-packages/_pytest/setupplan.py'>
          manager: <_pytest.config.PytestPluginManager object at 0x7fbefa405fd0>
      finish pytest_plugin_registered --> [] [hook]
      pytest_plugin_registered [hook]
          plugin: <module '_pytest.warnings' from '/home/john/.local/share/virtualenvs/pycsw-app-rPdtfims/lib/python3.6/site-packages/_pytest/warnings.py'>
          manager: <_pytest.config.PytestPluginManager object at 0x7fbefa405fd0>
      finish pytest_plugin_registered --> [] [hook]
      pytest_plugin_registered [hook]
          plugin: <module '_pytest.logging' from '/home/john/.local/share/virtualenvs/pycsw-app-rPdtfims/lib/python3.6/site-packages/_pytest/logging.py'>
          manager: <_pytest.config.PytestPluginManager object at 0x7fbefa405fd0>
      finish pytest_plugin_registered --> [] [hook]
      pytest_plugin_registered [hook]
          plugin: <module '_pytest.reports' from '/home/john/.local/share/virtualenvs/pycsw-app-rPdtfims/lib/python3.6/site-packages/_pytest/reports.py'>
          manager: <_pytest.config.PytestPluginManager object at 0x7fbefa405fd0>
      finish pytest_plugin_registered --> [] [hook]
      pytest_plugin_registered [hook]
          plugin: <module 'testinfra.plugin' from '/home/john/.local/share/virtualenvs/pycsw-app-rPdtfims/lib/python3.6/site-packages/testinfra/plugin.py'>
          manager: <_pytest.config.PytestPluginManager object at 0x7fbefa405fd0>
      finish pytest_plugin_registered --> [] [hook]
      pytest_plugin_registered [hook]
          plugin: <CaptureManager _method='fd' _global_capturing=<MultiCapture out=<FDCapture 1 oldfd=5> err=<FDCapture 2 oldfd=6> in_=<FDCapture 0 oldfd=3>> _current_item=None>
          manager: <_pytest.config.PytestPluginManager object at 0x7fbefa405fd0>
      finish pytest_plugin_registered --> [] [hook]
      pytest_plugin_registered [hook]
          plugin: <Session default exitstatus=0 testsfailed=0 testscollected=0>
          manager: <_pytest.config.PytestPluginManager object at 0x7fbefa405fd0>
      finish pytest_plugin_registered --> [] [hook]
      pytest_plugin_registered [hook]
          plugin: <_pytest.terminal.TerminalReporter object at 0x7fbef7e8f048>
          manager: <_pytest.config.PytestPluginManager object at 0x7fbefa405fd0>
      finish pytest_plugin_registered --> [] [hook]
      pytest_plugin_registered [hook]
          plugin: <_pytest.logging.LoggingPlugin object at 0x7fbef7e8bba8>
          manager: <_pytest.config.PytestPluginManager object at 0x7fbefa405fd0>
      finish pytest_plugin_registered --> [] [hook]
      pytest_plugin_registered [hook]
          plugin: <_pytest.fixtures.FixtureManager object at 0x7fbef7e83748>
          manager: <_pytest.config.PytestPluginManager object at 0x7fbefa405fd0>
      finish pytest_plugin_registered --> [] [hook]
      pytest_report_header [hook]
          config: <_pytest.config.Config object at 0x7fbef82d5f28>
          startdir: /home/john/datagov-deploy/ansible/roles/software/ckan/catalog/pycsw-app/molecule/default
      finish pytest_report_header --> [['rootdir: /home/john/datagov-deploy/ansible/roles/software/ckan/catalog/pycsw-app/molecule/default', 'plugins: testinfra-1.19.0'], ['using: pytest-4.4.0 pylib-1.8.0', 'setuptools registered plugins:', '  testinfra-1.19.0 at /home/john/.local/share/virtualenvs/pycsw-app-rPdtfims/lib/python3.6/site-packages/testinfra/plugin.py']] [hook]
    finish pytest_sessionstart --> [] [hook]
    pytest_collection [hook]
        session: <Session default exitstatus=0 testsfailed=0 testscollected=0>
    perform_collect <Session default exitstatus=0 testsfailed=0 testscollected=0> ['/home/john/datagov-deploy/ansible/roles/software/ckan/catalog/pycsw-app/molecule/default/tests/test_default.py'] [collection]
        pytest_collectstart [hook]
            collector: <Session default exitstatus=0 testsfailed=0 testscollected=0>
        finish pytest_collectstart --> [] [hook]
        pytest_make_collect_report [hook]
            collector: <Session default exitstatus=0 testsfailed=0 testscollected=0>
        processing argument /home/john/datagov-deploy/ansible/roles/software/ckan/catalog/pycsw-app/molecule/default/tests/test_default.py [collection]
            pytest_collect_file [hook]
                path: /home/john/datagov-deploy/ansible/roles/software/ckan/catalog/pycsw-app/molecule/default/tests/test_default.py
                parent: <Session default exitstatus=0 testsfailed=0 testscollected=0>
              pytest_pycollect_makemodule [hook]
                  path: /home/john/datagov-deploy/ansible/roles/software/ckan/catalog/pycsw-app/molecule/default/tests/test_default.py
                  parent: <Session default exitstatus=0 testsfailed=0 testscollected=0>
              finish pytest_pycollect_makemodule --> <Module tests/test_default.py> [hook]
            finish pytest_collect_file --> [<Module tests/test_default.py>] [hook]
          matchnodes [<Module tests/test_default.py>] [] [collection]
            matchnodes finished ->  1 nodes [collection]
        finish pytest_make_collect_report --> <CollectReport '' lenresult=1 outcome='passed'> [hook]
        pytest_collectreport [hook]
            report: <CollectReport '' lenresult=1 outcome='passed'>
        finish pytest_collectreport --> [] [hook]
    genitems <Module tests/test_default.py> [collection]
      pytest_collectstart [hook]
          collector: <Module tests/test_default.py>
      finish pytest_collectstart --> [] [hook]
      pytest_make_collect_report [hook]
          collector: <Module tests/test_default.py>
      find_module called for: test_default [assertion]
      matched test file (was specified on cmdline): '/home/john/datagov-deploy/ansible/roles/software/ckan/catalog/pycsw-app/molecule/default/tests/test_default.py' [assertion]
      rewriting '/home/john/datagov-deploy/ansible/roles/software/ckan/catalog/pycsw-app/molecule/default/tests/test_default.py' [assertion]
      matched marked file 'testinfra.utils.ansible_runner' (from 'testinfra') [assertion]
      find_module called for: testinfra.utils.ansible_runner [assertion]
      rewriting '/home/john/.local/share/virtualenvs/pycsw-app-rPdtfims/lib/python3.6/site-packages/testinfra/utils/ansible_runner.py' [assertion]
      early skip of rewriting module: ansible [assertion]
      early skip of rewriting module: ansible.release [assertion]
      early skip of rewriting module: ansible.constants [assertion]
      early skip of rewriting module: jinja2 [assertion]
      early skip of rewriting module: jinja2.environment [assertion]
      early skip of rewriting module: jinja2.nodes [assertion]
      early skip of rewriting module: jinja2.utils [assertion]
      early skip of rewriting module: json [assertion]
      early skip of rewriting module: json.decoder [assertion]
      early skip of rewriting module: json.scanner [assertion]
      early skip of rewriting module: _json [assertion]
      early skip of rewriting module: json.encoder [assertion]
      early skip of rewriting module: jinja2._compat [assertion]
      early skip of rewriting module: pickle [assertion]
      early skip of rewriting module: _compat_pickle [assertion]
      early skip of rewriting module: org [assertion]
      early skip of rewriting module: _pickle [assertion]
      early skip of rewriting module: markupsafe [assertion]
      early skip of rewriting module: markupsafe._compat [assertion]
      early skip of rewriting module: markupsafe._speedups [assertion]
      early skip of rewriting module: jinja2.defaults [assertion]
      early skip of rewriting module: jinja2.filters [assertion]
      early skip of rewriting module: jinja2.runtime [assertion]
      early skip of rewriting module: jinja2.exceptions [assertion]
      early skip of rewriting module: jinja2.tests [assertion]
      early skip of rewriting module: jinja2.lexer [assertion]
      early skip of rewriting module: jinja2._identifier [assertion]
      early skip of rewriting module: jinja2.parser [assertion]
      early skip of rewriting module: jinja2.compiler [assertion]
      early skip of rewriting module: jinja2.visitor [assertion]
      early skip of rewriting module: jinja2.optimizer [assertion]
      early skip of rewriting module: jinja2.idtracking [assertion]
      early skip of rewriting module: jinja2.loaders [assertion]
      early skip of rewriting module: jinja2.bccache [assertion]
      early skip of rewriting module: jinja2.asyncsupport [assertion]
      early skip of rewriting module: asyncio [assertion]
      early skip of rewriting module: asyncio.selectors [assertion]
      early skip of rewriting module: asyncio.base_events [assertion]
      early skip of rewriting module: concurrent [assertion]
      early skip of rewriting module: concurrent.futures [assertion]
      early skip of rewriting module: concurrent.futures._base [assertion]
      early skip of rewriting module: concurrent.futures.process [assertion]
      early skip of rewriting module: queue [assertion]
      early skip of rewriting module: multiprocessing [assertion]
      early skip of rewriting module: multiprocessing.context [assertion]
      early skip of rewriting module: multiprocessing.process [assertion]
      early skip of rewriting module: multiprocessing.reduction [assertion]
      early skip of rewriting module: array [assertion]
      early skip of rewriting module: multiprocessing.connection [assertion]
      early skip of rewriting module: _multiprocessing [assertion]
      early skip of rewriting module: multiprocessing.util [assertion]
      early skip of rewriting module: _winapi [assertion]
      early skip of rewriting module: concurrent.futures.thread [assertion]
      early skip of rewriting module: asyncio.compat [assertion]
      early skip of rewriting module: asyncio.coroutines [assertion]
      early skip of rewriting module: asyncio.constants [assertion]
      early skip of rewriting module: asyncio.events [assertion]
      early skip of rewriting module: asyncio.base_futures [assertion]
      early skip of rewriting module: asyncio.log [assertion]
      early skip of rewriting module: asyncio.futures [assertion]
      early skip of rewriting module: _asyncio [assertion]
      early skip of rewriting module: asyncio.base_tasks [assertion]
      early skip of rewriting module: asyncio.tasks [assertion]
      early skip of rewriting module: asyncio.locks [assertion]
      early skip of rewriting module: asyncio.protocols [assertion]
      early skip of rewriting module: asyncio.queues [assertion]
      early skip of rewriting module: asyncio.streams [assertion]
      early skip of rewriting module: asyncio.subprocess [assertion]
      early skip of rewriting module: asyncio.transports [assertion]
      early skip of rewriting module: asyncio.unix_events [assertion]
      early skip of rewriting module: asyncio.base_subprocess [assertion]
      early skip of rewriting module: asyncio.selector_events [assertion]
      early skip of rewriting module: ssl [assertion]
      early skip of rewriting module: ipaddress [assertion]
      early skip of rewriting module: _ssl [assertion]
      early skip of rewriting module: asyncio.sslproto [assertion]
      early skip of rewriting module: jinja2.asyncfilters [assertion]
      early skip of rewriting module: ansible.module_utils [assertion]
      early skip of rewriting module: ansible.module_utils._text [assertion]
      early skip of rewriting module: ansible.module_utils.six [assertion]
      early skip of rewriting module: ansible.module_utils.parsing [assertion]
      early skip of rewriting module: ansible.module_utils.parsing.convert_bool [assertion]
      early skip of rewriting module: ansible.config [assertion]
      early skip of rewriting module: ansible.config.manager [assertion]
      early skip of rewriting module: yaml [assertion]
      early skip of rewriting module: yaml.error [assertion]
      early skip of rewriting module: yaml.tokens [assertion]
      early skip of rewriting module: yaml.events [assertion]
      early skip of rewriting module: yaml.nodes [assertion]
      early skip of rewriting module: yaml.loader [assertion]
      early skip of rewriting module: yaml.reader [assertion]
      early skip of rewriting module: yaml.scanner [assertion]
      early skip of rewriting module: yaml.parser [assertion]
      early skip of rewriting module: yaml.composer [assertion]
      early skip of rewriting module: yaml.constructor [assertion]
      early skip of rewriting module: yaml.resolver [assertion]
      early skip of rewriting module: yaml.dumper [assertion]
      early skip of rewriting module: yaml.emitter [assertion]
      early skip of rewriting module: yaml.serializer [assertion]
      early skip of rewriting module: yaml.representer [assertion]
      early skip of rewriting module: yaml.cyaml [assertion]
      early skip of rewriting module: _yaml [assertion]
      early skip of rewriting module: ansible.config.data [assertion]
      early skip of rewriting module: ansible.errors [assertion]
      early skip of rewriting module: ansible.errors.yaml_strings [assertion]
      early skip of rewriting module: ansible.module_utils.six.moves [assertion]
      early skip of rewriting module: configparser [assertion]
      early skip of rewriting module: ansible.parsing [assertion]
      early skip of rewriting module: ansible.parsing.quoting [assertion]
      early skip of rewriting module: ansible.utils [assertion]
      early skip of rewriting module: ansible.utils.py3compat [assertion]
      early skip of rewriting module: ansible.utils.path [assertion]
      early skip of rewriting module: encodings.unicode_escape [assertion]
      early skip of rewriting module: ansible.cli [assertion]
      early skip of rewriting module: getpass [assertion]
      early skip of rewriting module: termios [assertion]
      early skip of rewriting module: optparse [assertion]
      early skip of rewriting module: ansible.inventory [assertion]
      early skip of rewriting module: ansible.inventory.manager [assertion]
      early skip of rewriting module: ansible.inventory.data [assertion]
      early skip of rewriting module: ansible.inventory.group [assertion]
      early skip of rewriting module: ansible.inventory.host [assertion]
      early skip of rewriting module: ansible.utils.vars [assertion]
      early skip of rewriting module: ansible.parsing.splitter [assertion]
      early skip of rewriting module: ansible.utils.display [assertion]
      early skip of rewriting module: ansible.utils.color [assertion]
      early skip of rewriting module: ansible.parsing.utils [assertion]
      early skip of rewriting module: ansible.parsing.utils.addresses [assertion]
      early skip of rewriting module: ansible.plugins [assertion]
      early skip of rewriting module: ansible.plugins.loader [assertion]
      early skip of rewriting module: ansible.parsing.utils.yaml [assertion]
      early skip of rewriting module: ansible.parsing.yaml [assertion]
      early skip of rewriting module: ansible.parsing.yaml.loader [assertion]
      early skip of rewriting module: ansible.parsing.yaml.constructor [assertion]
      early skip of rewriting module: ansible.parsing.yaml.objects [assertion]
      early skip of rewriting module: ansible.utils.unsafe_proxy [assertion]
      early skip of rewriting module: ansible.parsing.vault [assertion]
      early skip of rewriting module: cryptography [assertion]
      early skip of rewriting module: cryptography.__about__ [assertion]
      early skip of rewriting module: cryptography.exceptions [assertion]
      early skip of rewriting module: cryptography.hazmat [assertion]
      early skip of rewriting module: cryptography.hazmat.backends [assertion]
      early skip of rewriting module: cryptography.hazmat.primitives [assertion]
      early skip of rewriting module: cryptography.hazmat.primitives.hashes [assertion]
      early skip of rewriting module: cryptography.utils [assertion]
      early skip of rewriting module: cryptography.hazmat.backends.interfaces [assertion]
      early skip of rewriting module: cryptography.hazmat.primitives.padding [assertion]
      early skip of rewriting module: cryptography.hazmat.bindings [assertion]
      early skip of rewriting module: cryptography.hazmat.bindings._padding [assertion]
      early skip of rewriting module: _cffi_backend [assertion]
      early skip of rewriting module: cryptography.hazmat.primitives.hmac [assertion]
      early skip of rewriting module: cryptography.hazmat.primitives.mac [assertion]
      early skip of rewriting module: cryptography.hazmat.primitives.kdf [assertion]
      early skip of rewriting module: cryptography.hazmat.primitives.kdf.pbkdf2 [assertion]
      early skip of rewriting module: cryptography.hazmat.primitives.constant_time [assertion]
      early skip of rewriting module: hmac [assertion]
      early skip of rewriting module: cryptography.hazmat.bindings._constant_time [assertion]
      early skip of rewriting module: cryptography.hazmat.primitives.ciphers [assertion]
      early skip of rewriting module: cryptography.hazmat.primitives.ciphers.base [assertion]
      early skip of rewriting module: cryptography.hazmat.primitives.ciphers.modes [assertion]
      early skip of rewriting module: cryptography.hazmat.primitives.ciphers.algorithms [assertion]
      early skip of rewriting module: cryptography.hazmat.backends.openssl [assertion]
      early skip of rewriting module: cryptography.hazmat.backends.openssl.backend [assertion]
      early skip of rewriting module: asn1crypto [assertion]
      early skip of rewriting module: asn1crypto.version [assertion]
      early skip of rewriting module: asn1crypto.core [assertion]
      early skip of rewriting module: asn1crypto._teletex_codec [assertion]
      early skip of rewriting module: asn1crypto._errors [assertion]
      early skip of rewriting module: asn1crypto._ordereddict [assertion]
      early skip of rewriting module: asn1crypto._types [assertion]
      early skip of rewriting module: asn1crypto.parser [assertion]
      early skip of rewriting module: asn1crypto.util [assertion]
      early skip of rewriting module: asn1crypto._iri [assertion]
      early skip of rewriting module: encodings.idna [assertion]
      early skip of rewriting module: stringprep [assertion]
      early skip of rewriting module: cryptography.x509 [assertion]
      early skip of rewriting module: cryptography.x509.certificate_transparency [assertion]
      early skip of rewriting module: cryptography.x509.base [assertion]
      early skip of rewriting module: cryptography.hazmat.primitives.asymmetric [assertion]
      early skip of rewriting module: cryptography.hazmat.primitives.asymmetric.dsa [assertion]
      early skip of rewriting module: cryptography.hazmat.primitives.asymmetric.ec [assertion]
      early skip of rewriting module: cryptography.hazmat._oid [assertion]
      early skip of rewriting module: cryptography.hazmat.primitives.asymmetric.rsa [assertion]
      early skip of rewriting module: cryptography.x509.extensions [assertion]
      early skip of rewriting module: asn1crypto.keys [assertion]
      early skip of rewriting module: asn1crypto._elliptic_curve [assertion]
      early skip of rewriting module: asn1crypto._int [assertion]
      early skip of rewriting module: asn1crypto._ffi [assertion]
      early skip of rewriting module: asn1crypto._perf [assertion]
      early skip of rewriting module: asn1crypto._perf._big_num_ctypes [assertion]
      early skip of rewriting module: asn1crypto.algos [assertion]
      early skip of rewriting module: cryptography.hazmat.primitives.serialization [assertion]
      early skip of rewriting module: cryptography.hazmat.primitives.serialization.base [assertion]
      early skip of rewriting module: cryptography.hazmat.primitives.serialization.ssh [assertion]
      early skip of rewriting module: cryptography.hazmat.primitives.asymmetric.ed25519 [assertion]
      early skip of rewriting module: cryptography.x509.general_name [assertion]
      early skip of rewriting module: cryptography.x509.name [assertion]
      early skip of rewriting module: cryptography.x509.oid [assertion]
      early skip of rewriting module: cryptography.hazmat.backends.openssl.aead [assertion]
      early skip of rewriting module: cryptography.hazmat.backends.openssl.ciphers [assertion]
      early skip of rewriting module: cryptography.hazmat.backends.openssl.cmac [assertion]
      early skip of rewriting module: cryptography.hazmat.backends.openssl.decode_asn1 [assertion]
      early skip of rewriting module: cryptography.hazmat.backends.openssl.dh [assertion]
      early skip of rewriting module: cryptography.hazmat.primitives.asymmetric.dh [assertion]
      early skip of rewriting module: cryptography.hazmat.backends.openssl.dsa [assertion]
      early skip of rewriting module: cryptography.hazmat.backends.openssl.utils [assertion]
      early skip of rewriting module: cryptography.hazmat.primitives.asymmetric.utils [assertion]
      early skip of rewriting module: cryptography.hazmat.backends.openssl.ec [assertion]
      early skip of rewriting module: cryptography.hazmat.backends.openssl.ed25519 [assertion]
      early skip of rewriting module: cryptography.hazmat.backends.openssl.ed448 [assertion]
      early skip of rewriting module: cryptography.hazmat.primitives.asymmetric.ed448 [assertion]
      early skip of rewriting module: cryptography.hazmat.backends.openssl.encode_asn1 [assertion]
      early skip of rewriting module: cryptography.hazmat.backends.openssl.hashes [assertion]
      early skip of rewriting module: cryptography.hazmat.backends.openssl.hmac [assertion]
      early skip of rewriting module: cryptography.hazmat.backends.openssl.ocsp [assertion]
      early skip of rewriting module: cryptography.hazmat.backends.openssl.x509 [assertion]
      early skip of rewriting module: cryptography.x509.ocsp [assertion]
      early skip of rewriting module: cryptography.hazmat.backends.openssl.rsa [assertion]
      early skip of rewriting module: cryptography.hazmat.primitives.asymmetric.padding [assertion]
      early skip of rewriting module: cryptography.hazmat.backends.openssl.x25519 [assertion]
      early skip of rewriting module: cryptography.hazmat.primitives.asymmetric.x25519 [assertion]
      early skip of rewriting module: cryptography.hazmat.backends.openssl.x448 [assertion]
      early skip of rewriting module: cryptography.hazmat.primitives.asymmetric.x448 [assertion]
      early skip of rewriting module: cryptography.hazmat.bindings.openssl [assertion]
      early skip of rewriting module: cryptography.hazmat.bindings.openssl.binding [assertion]
      early skip of rewriting module: cryptography.hazmat.bindings._openssl [assertion]
      early skip of rewriting module: cryptography.hazmat.bindings.openssl._conditional [assertion]
      early skip of rewriting module: cryptography.hazmat.primitives.kdf.scrypt [assertion]
      early skip of rewriting module: Crypto [assertion]
      early skip of rewriting module: ansible.parsing.ajson [assertion]
      early skip of rewriting module: ansible.utils.plugin_docs [assertion]
      early skip of rewriting module: ansible.parsing.plugin_docs [assertion]
      early skip of rewriting module: ansible.parsing.metadata [assertion]
      early skip of rewriting module: ansible.parsing.dataloader [assertion]
      early skip of rewriting module: ansible.module_utils.basic [assertion]
      early skip of rewriting module: syslog [assertion]
      early skip of rewriting module: systemd [assertion]
      early skip of rewriting module: selinux [assertion]
      early skip of rewriting module: ansible.module_utils.common [assertion]
      early skip of rewriting module: ansible.module_utils.common._collections_compat [assertion]
      early skip of rewriting module: ansible.module_utils.common.process [assertion]
      early skip of rewriting module: ansible.module_utils.common.file [assertion]
      early skip of rewriting module: selinux [assertion]
      early skip of rewriting module: ansible.module_utils.pycompat24 [assertion]
      early skip of rewriting module: ansible.vars [assertion]
      early skip of rewriting module: ansible.vars.manager [assertion]
      early skip of rewriting module: ansible.inventory.helpers [assertion]
      early skip of rewriting module: ansible.plugins.cache [assertion]
      early skip of rewriting module: ansible.template [assertion]
      early skip of rewriting module: ansible.template.safe_eval [assertion]
      early skip of rewriting module: ansible.template.template [assertion]
      early skip of rewriting module: ansible.template.vars [assertion]
      early skip of rewriting module: ansible.utils.listify [assertion]
      early skip of rewriting module: ansible.vars.clean [assertion]
      early skip of rewriting module: ansible.cli.playbook [assertion]
      early skip of rewriting module: ansible.executor [assertion]
      early skip of rewriting module: ansible.executor.playbook_executor [assertion]
      early skip of rewriting module: ansible.executor.task_queue_manager [assertion]
      early skip of rewriting module: ansible.executor.play_iterator [assertion]
      early skip of rewriting module: ansible.playbook [assertion]
      early skip of rewriting module: ansible.playbook.play [assertion]
      early skip of rewriting module: ansible.playbook.attribute [assertion]
      early skip of rewriting module: ansible.playbook.base [assertion]
      early skip of rewriting module: ansible.playbook.become [assertion]
      early skip of rewriting module: ansible.playbook.block [assertion]
      early skip of rewriting module: ansible.playbook.conditional [assertion]
      early skip of rewriting module: ansible.playbook.helpers [assertion]
      early skip of rewriting module: ansible.parsing.mod_args [assertion]
      early skip of rewriting module: ansible.playbook.role [assertion]
      early skip of rewriting module: ansible.playbook.role.metadata [assertion]
      early skip of rewriting module: ansible.playbook.role.include [assertion]
      early skip of rewriting module: ansible.playbook.role.definition [assertion]
      early skip of rewriting module: ansible.playbook.taggable [assertion]
      early skip of rewriting module: ansible.playbook.role.requirement [assertion]
      early skip of rewriting module: tarfile [assertion]
      early skip of rewriting module: ansible.playbook.playbook_include [assertion]
      early skip of rewriting module: ansible.playbook.task [assertion]
      early skip of rewriting module: ansible.playbook.loop_control [assertion]
      early skip of rewriting module: ansible.executor.stats [assertion]
      early skip of rewriting module: ansible.executor.task_result [assertion]
      early skip of rewriting module: ansible.playbook.play_context [assertion]
      early skip of rewriting module: ansible.utils.ssh_functions [assertion]
      early skip of rewriting module: ansible.plugins.callback [assertion]
      early skip of rewriting module: ansible.utils.helpers [assertion]
      early skip of rewriting module: ansible.vars.hostvars [assertion]
      early skip of rewriting module: ansible.vars.reserved [assertion]
      early skip of rewriting module: ansible.plugins.inventory [assertion]
      early skip of rewriting module: ansible.utils.shlex [assertion]
        pytest_pycollect_makeitem [hook]
            collector: <Module tests/test_default.py>
            name: __name__
            obj: test_default
        finish pytest_pycollect_makeitem --> None [hook]
        pytest_pycollect_makeitem [hook]
            collector: <Module tests/test_default.py>
            name: __doc__
            obj: None
        finish pytest_pycollect_makeitem --> None [hook]
        pytest_pycollect_makeitem [hook]
            collector: <Module tests/test_default.py>
            name: __package__
            obj: 
        finish pytest_pycollect_makeitem --> None [hook]
        pytest_pycollect_makeitem [hook]
            collector: <Module tests/test_default.py>
            name: __loader__
            obj: <_pytest.assertion.rewrite.AssertionRewritingHook object at 0x7fbef7f15940>
        finish pytest_pycollect_makeitem --> None [hook]
        pytest_pycollect_makeitem [hook]
            collector: <Module tests/test_default.py>
            name: __spec__
            obj: ModuleSpec(name='test_default', loader=<_pytest.assertion.rewrite.AssertionRewritingHook object at 0x7fbef7f15940>, origin='/home/john/datagov-deploy/ansible/roles/software/ckan/catalog/pycsw-app/molecule/default/tests/test_default.py')
        finish pytest_pycollect_makeitem --> None [hook]
        pytest_pycollect_makeitem [hook]
            collector: <Module tests/test_default.py>
            name: __file__
            obj: /home/john/datagov-deploy/ansible/roles/software/ckan/catalog/pycsw-app/molecule/default/tests/test_default.py
        finish pytest_pycollect_makeitem --> None [hook]
        pytest_pycollect_makeitem [hook]
            collector: <Module tests/test_default.py>
            name: __cached__
            obj: /home/john/datagov-deploy/ansible/roles/software/ckan/catalog/pycsw-app/molecule/default/tests/__pycache__/test_default.cpython-36-PYTEST.pyc
        finish pytest_pycollect_makeitem --> None [hook]
        pytest_pycollect_makeitem [hook]
            collector: <Module tests/test_default.py>
            name: __builtins__
            obj: {'__name__': 'builtins', '__doc__': "Built-in functions, exceptions, and other objects.\n\nNoteworthy: None is the `nil' object; Ellipsis represents `...' in slices.", '__package__': '', '__loader__': <class '_frozen_importlib.BuiltinImporter'>, '__spec__': ModuleSpec(name='builtins', loader=<class '_frozen_importlib.BuiltinImporter'>), '__build_class__': <built-in function __build_class__>, '__import__': <built-in function __import__>, 'abs': <built-in function abs>, 'all': <built-in function all>, 'any': <built-in function any>, 'ascii': <built-in function ascii>, 'bin': <built-in function bin>, 'callable': <built-in function callable>, 'chr': <built-in function chr>, 'compile': <built-in function compile>, 'delattr': <built-in function delattr>, 'dir': <built-in function dir>, 'divmod': <built-in function divmod>, 'eval': <built-in function eval>, 'exec': <built-in function exec>, 'format': <built-in function format>, 'getattr': <built-in function getattr>, 'globals': <built-in function globals>, 'hasattr': <built-in function hasattr>, 'hash': <built-in function hash>, 'hex': <built-in function hex>, 'id': <built-in function id>, 'input': <built-in function input>, 'isinstance': <built-in function isinstance>, 'issubclass': <built-in function issubclass>, 'iter': <built-in function iter>, 'len': <built-in function len>, 'locals': <built-in function locals>, 'max': <built-in function max>, 'min': <built-in function min>, 'next': <built-in function next>, 'oct': <built-in function oct>, 'ord': <built-in function ord>, 'pow': <built-in function pow>, 'print': <built-in function print>, 'repr': <built-in function repr>, 'round': <built-in function round>, 'setattr': <built-in function setattr>, 'sorted': <built-in function sorted>, 'sum': <built-in function sum>, 'vars': <built-in function vars>, 'None': None, 'Ellipsis': Ellipsis, 'NotImplemented': NotImplemented, 'False': False, 'True': True, 'bool': <class 'bool'>, 'memoryview': <class 'memoryview'>, 'bytearray': <class 'bytearray'>, 'bytes': <class 'bytes'>, 'classmethod': <class 'classmethod'>, 'complex': <class 'complex'>, 'dict': <class 'dict'>, 'enumerate': <class 'enumerate'>, 'filter': <class 'filter'>, 'float': <class 'float'>, 'frozenset': <class 'frozenset'>, 'property': <class 'property'>, 'int': <class 'int'>, 'list': <class 'list'>, 'map': <class 'map'>, 'object': <class 'object'>, 'range': <class 'range'>, 'reversed': <class 'reversed'>, 'set': <class 'set'>, 'slice': <class 'slice'>, 'staticmethod': <class 'staticmethod'>, 'str': <class 'str'>, 'super': <class 'super'>, 'tuple': <class 'tuple'>, 'type': <class 'type'>, 'zip': <class 'zip'>, '__debug__': True, 'BaseException': <class 'BaseException'>, 'Exception': <class 'Exception'>, 'TypeError': <class 'TypeError'>, 'StopAsyncIteration': <class 'StopAsyncIteration'>, 'StopIteration': <class 'StopIteration'>, 'GeneratorExit': <class 'GeneratorExit'>, 'SystemExit': <class 'SystemExit'>, 'KeyboardInterrupt': <class 'KeyboardInterrupt'>, 'ImportError': <class 'ImportError'>, 'ModuleNotFoundError': <class 'ModuleNotFoundError'>, 'OSError': <class 'OSError'>, 'EnvironmentError': <class 'OSError'>, 'IOError': <class 'OSError'>, 'EOFError': <class 'EOFError'>, 'RuntimeError': <class 'RuntimeError'>, 'RecursionError': <class 'RecursionError'>, 'NotImplementedError': <class 'NotImplementedError'>, 'NameError': <class 'NameError'>, 'UnboundLocalError': <class 'UnboundLocalError'>, 'AttributeError': <class 'AttributeError'>, 'SyntaxError': <class 'SyntaxError'>, 'IndentationError': <class 'IndentationError'>, 'TabError': <class 'TabError'>, 'LookupError': <class 'LookupError'>, 'IndexError': <class 'IndexError'>, 'KeyError': <class 'KeyError'>, 'ValueError': <class 'ValueError'>, 'UnicodeError': <class 'UnicodeError'>, 'UnicodeEncodeError': <class 'UnicodeEncodeError'>, 'UnicodeDecodeError': <class 'UnicodeDecodeError'>, 'UnicodeTranslateError': <class 'UnicodeTranslateError'>, 'AssertionError': <class 'AssertionError'>, 'ArithmeticError': <class 'ArithmeticError'>, 'FloatingPointError': <class 'FloatingPointError'>, 'OverflowError': <class 'OverflowError'>, 'ZeroDivisionError': <class 'ZeroDivisionError'>, 'SystemError': <class 'SystemError'>, 'ReferenceError': <class 'ReferenceError'>, 'BufferError': <class 'BufferError'>, 'MemoryError': <class 'MemoryError'>, 'Warning': <class 'Warning'>, 'UserWarning': <class 'UserWarning'>, 'DeprecationWarning': <class 'DeprecationWarning'>, 'PendingDeprecationWarning': <class 'PendingDeprecationWarning'>, 'SyntaxWarning': <class 'SyntaxWarning'>, 'RuntimeWarning': <class 'RuntimeWarning'>, 'FutureWarning': <class 'FutureWarning'>, 'ImportWarning': <class 'ImportWarning'>, 'UnicodeWarning': <class 'UnicodeWarning'>, 'BytesWarning': <class 'BytesWarning'>, 'ResourceWarning': <class 'ResourceWarning'>, 'ConnectionError': <class 'ConnectionError'>, 'BlockingIOError': <class 'BlockingIOError'>, 'BrokenPipeError': <class 'BrokenPipeError'>, 'ChildProcessError': <class 'ChildProcessError'>, 'ConnectionAbortedError': <class 'ConnectionAbortedError'>, 'ConnectionRefusedError': <class 'ConnectionRefusedError'>, 'ConnectionResetError': <class 'ConnectionResetError'>, 'FileExistsError': <class 'FileExistsError'>, 'FileNotFoundError': <class 'FileNotFoundError'>, 'IsADirectoryError': <class 'IsADirectoryError'>, 'NotADirectoryError': <class 'NotADirectoryError'>, 'InterruptedError': <class 'InterruptedError'>, 'PermissionError': <class 'PermissionError'>, 'ProcessLookupError': <class 'ProcessLookupError'>, 'TimeoutError': <class 'TimeoutError'>, 'open': <built-in function open>, 'quit': Use quit() or Ctrl-D (i.e. EOF) to exit, 'exit': Use exit() or Ctrl-D (i.e. EOF) to exit, 'copyright': Copyright (c) 2001-2018 Python Software Foundation.
All Rights Reserved.

Copyright (c) 2000 BeOpen.com.
All Rights Reserved.

Copyright (c) 1995-2001 Corporation for National Research Initiatives.
All Rights Reserved.

Copyright (c) 1991-1995 Stichting Mathematisch Centrum, Amsterdam.
All Rights Reserved., 'credits':     Thanks to CWI, CNRI, BeOpen.com, Zope Corporation and a cast of thousands
    for supporting Python development.  See www.python.org for more information., 'license': See https://www.python.org/psf/license/, 'help': Type help() for interactive help, or help(object) for help about object.}
        finish pytest_pycollect_makeitem --> None [hook]
        pytest_pycollect_makeitem [hook]
            collector: <Module tests/test_default.py>
            name: @py_builtins
            obj: <module 'builtins' (built-in)>
        finish pytest_pycollect_makeitem --> None [hook]
        pytest_pycollect_makeitem [hook]
            collector: <Module tests/test_default.py>
            name: @pytest_ar
            obj: <module '_pytest.assertion.rewrite' from '/home/john/.local/share/virtualenvs/pycsw-app-rPdtfims/lib/python3.6/site-packages/_pytest/assertion/rewrite.py'>
        finish pytest_pycollect_makeitem --> None [hook]
        pytest_pycollect_makeitem [hook]
            collector: <Module tests/test_default.py>
            name: os
            obj: <module 'os' from '/home/john/.local/share/virtualenvs/pycsw-app-rPdtfims/lib/python3.6/os.py'>
        finish pytest_pycollect_makeitem --> None [hook]
        pytest_pycollect_makeitem [hook]
            collector: <Module tests/test_default.py>
            name: testinfra
            obj: <module 'testinfra' from '/home/john/.local/share/virtualenvs/pycsw-app-rPdtfims/lib/python3.6/site-packages/testinfra/__init__.py'>
        finish pytest_pycollect_makeitem --> None [hook]
        pytest_pycollect_makeitem [hook]
            collector: <Module tests/test_default.py>
            name: testinfra_hosts
            obj: ['bionic', 'trusty']
        finish pytest_pycollect_makeitem --> None [hook]
        pytest_pycollect_makeitem [hook]
            collector: <Module tests/test_default.py>
            name: test_wsgi
            obj: <function test_wsgi at 0x7fbef7bc0c80>
          pytest_generate_tests [hook]
              metafunc: <_pytest.python.Metafunc object at 0x7fbef518be10>
          matched marked file 'testinfra.backend.ansible' (from 'testinfra') [assertion]
          find_module called for: testinfra.backend.ansible [assertion]
          rewriting '/home/john/.local/share/virtualenvs/pycsw-app-rPdtfims/lib/python3.6/site-packages/testinfra/backend/ansible.py' [assertion]
          matched marked file 'testinfra.backend.base' (from 'testinfra') [assertion]
          find_module called for: testinfra.backend.base [assertion]
          rewriting '/home/john/.local/share/virtualenvs/pycsw-app-rPdtfims/lib/python3.6/site-packages/testinfra/backend/base.py' [assertion]
          early skip of rewriting module: pipes [assertion]
          finish pytest_generate_tests --> [] [hook]
        finish pytest_pycollect_makeitem --> [<Function test_wsgi[ansible://bionic]>, <Function test_wsgi[ansible://trusty]>] [hook]
        pytest_pycollect_makeitem [hook]
            collector: <Module tests/test_default.py>
            name: test_apache2_site
            obj: <function test_apache2_site at 0x7fbef51618c8>
          pytest_generate_tests [hook]
              metafunc: <_pytest.python.Metafunc object at 0x7fbef53800f0>
          finish pytest_generate_tests --> [] [hook]
        finish pytest_pycollect_makeitem --> [<Function test_apache2_site[ansible://bionic]>, <Function test_apache2_site[ansible://trusty]>] [hook]
        pytest_pycollect_makeitem [hook]
            collector: <Module tests/test_default.py>
            name: __repr__
            obj: <slot wrapper '__repr__' of 'module' objects>
        finish pytest_pycollect_makeitem --> None [hook]
        pytest_pycollect_makeitem [hook]
            collector: <Module tests/test_default.py>
            name: __getattribute__
            obj: <slot wrapper '__getattribute__' of 'module' objects>
        finish pytest_pycollect_makeitem --> None [hook]
        pytest_pycollect_makeitem [hook]
            collector: <Module tests/test_default.py>
            name: __setattr__
            obj: <slot wrapper '__setattr__' of 'module' objects>
        finish pytest_pycollect_makeitem --> None [hook]
        pytest_pycollect_makeitem [hook]
            collector: <Module tests/test_default.py>
            name: __delattr__
            obj: <slot wrapper '__delattr__' of 'module' objects>
        finish pytest_pycollect_makeitem --> None [hook]
        pytest_pycollect_makeitem [hook]
            collector: <Module tests/test_default.py>
            name: __init__
            obj: <slot wrapper '__init__' of 'module' objects>
        finish pytest_pycollect_makeitem --> None [hook]
        pytest_pycollect_makeitem [hook]
            collector: <Module tests/test_default.py>
            name: __new__
            obj: <built-in method __new__ of type object at 0x9c62c0>
        finish pytest_pycollect_makeitem --> None [hook]
        pytest_pycollect_makeitem [hook]
            collector: <Module tests/test_default.py>
            name: __dir__
            obj: <method '__dir__' of 'module' objects>
        finish pytest_pycollect_makeitem --> None [hook]
        pytest_pycollect_makeitem [hook]
            collector: <Module tests/test_default.py>
            name: __dict__
            obj: <member '__dict__' of 'module' objects>
        finish pytest_pycollect_makeitem --> None [hook]
        pytest_pycollect_makeitem [hook]
            collector: <Module tests/test_default.py>
            name: __hash__
            obj: <slot wrapper '__hash__' of 'object' objects>
        finish pytest_pycollect_makeitem --> None [hook]
        pytest_pycollect_makeitem [hook]
            collector: <Module tests/test_default.py>
            name: __str__
            obj: <slot wrapper '__str__' of 'object' objects>
        finish pytest_pycollect_makeitem --> None [hook]
        pytest_pycollect_makeitem [hook]
            collector: <Module tests/test_default.py>
            name: __lt__
            obj: <slot wrapper '__lt__' of 'object' objects>
        finish pytest_pycollect_makeitem --> None [hook]
        pytest_pycollect_makeitem [hook]
            collector: <Module tests/test_default.py>
            name: __le__
            obj: <slot wrapper '__le__' of 'object' objects>
        finish pytest_pycollect_makeitem --> None [hook]
        pytest_pycollect_makeitem [hook]
            collector: <Module tests/test_default.py>
            name: __eq__
            obj: <slot wrapper '__eq__' of 'object' objects>
        finish pytest_pycollect_makeitem --> None [hook]
        pytest_pycollect_makeitem [hook]
            collector: <Module tests/test_default.py>
            name: __ne__
            obj: <slot wrapper '__ne__' of 'object' objects>
        finish pytest_pycollect_makeitem --> None [hook]
        pytest_pycollect_makeitem [hook]
            collector: <Module tests/test_default.py>
            name: __gt__
            obj: <slot wrapper '__gt__' of 'object' objects>
        finish pytest_pycollect_makeitem --> None [hook]
        pytest_pycollect_makeitem [hook]
            collector: <Module tests/test_default.py>
            name: __ge__
            obj: <slot wrapper '__ge__' of 'object' objects>
        finish pytest_pycollect_makeitem --> None [hook]
        pytest_pycollect_makeitem [hook]
            collector: <Module tests/test_default.py>
            name: __reduce_ex__
            obj: <method '__reduce_ex__' of 'object' objects>
        finish pytest_pycollect_makeitem --> None [hook]
        pytest_pycollect_makeitem [hook]
            collector: <Module tests/test_default.py>
            name: __reduce__
            obj: <method '__reduce__' of 'object' objects>
        finish pytest_pycollect_makeitem --> None [hook]
        pytest_pycollect_makeitem [hook]
            collector: <Module tests/test_default.py>
            name: __subclasshook__
            obj: <method '__subclasshook__' of 'object' objects>
        finish pytest_pycollect_makeitem --> None [hook]
        pytest_pycollect_makeitem [hook]
            collector: <Module tests/test_default.py>
            name: __init_subclass__
            obj: <method '__init_subclass__' of 'object' objects>
        finish pytest_pycollect_makeitem --> None [hook]
        pytest_pycollect_makeitem [hook]
            collector: <Module tests/test_default.py>
            name: __format__
            obj: <method '__format__' of 'object' objects>
        finish pytest_pycollect_makeitem --> None [hook]
        pytest_pycollect_makeitem [hook]
            collector: <Module tests/test_default.py>
            name: __sizeof__
            obj: <method '__sizeof__' of 'object' objects>
        finish pytest_pycollect_makeitem --> None [hook]
        pytest_pycollect_makeitem [hook]
            collector: <Module tests/test_default.py>
            name: __class__
            obj: <attribute '__class__' of 'object' objects>
        finish pytest_pycollect_makeitem --> None [hook]
      finish pytest_make_collect_report --> <CollectReport 'tests/test_default.py' lenresult=4 outcome='passed'> [hook]
    genitems <Function test_wsgi[ansible://bionic]> [collection]
      pytest_itemcollected [hook]
          item: <Function test_wsgi[ansible://bionic]>
      finish pytest_itemcollected --> [] [hook]
    genitems <Function test_wsgi[ansible://trusty]> [collection]
      pytest_itemcollected [hook]
          item: <Function test_wsgi[ansible://trusty]>
      finish pytest_itemcollected --> [] [hook]
    genitems <Function test_apache2_site[ansible://bionic]> [collection]
      pytest_itemcollected [hook]
          item: <Function test_apache2_site[ansible://bionic]>
      finish pytest_itemcollected --> [] [hook]
    genitems <Function test_apache2_site[ansible://trusty]> [collection]
      pytest_itemcollected [hook]
          item: <Function test_apache2_site[ansible://trusty]>
      finish pytest_itemcollected --> [] [hook]
      pytest_collectreport [hook]
          report: <CollectReport 'tests/test_default.py' lenresult=4 outcome='passed'>
      finish pytest_collectreport --> [] [hook]
      pytest_collection_modifyitems [hook]
          session: <Session default exitstatus=0 testsfailed=0 testscollected=0>
          config: <_pytest.config.Config object at 0x7fbef82d5f28>
          items: [<Function test_wsgi[ansible://bionic]>, <Function test_wsgi[ansible://trusty]>, <Function test_apache2_site[ansible://bionic]>, <Function test_apache2_site[ansible://trusty]>]
      finish pytest_collection_modifyitems --> [] [hook]
      pytest_collection_finish [hook]
          session: <Session default exitstatus=0 testsfailed=0 testscollected=0>
        pytest_report_collectionfinish [hook]
            config: <_pytest.config.Config object at 0x7fbef82d5f28>
            startdir: /home/john/datagov-deploy/ansible/roles/software/ckan/catalog/pycsw-app/molecule/default
            items: [<Function test_wsgi[ansible://bionic]>, <Function test_apache2_site[ansible://bionic]>, <Function test_wsgi[ansible://trusty]>, <Function test_apache2_site[ansible://trusty]>]
        finish pytest_report_collectionfinish --> [] [hook]
      finish pytest_collection_finish --> [] [hook]
    finish pytest_collection --> [<Function test_wsgi[ansible://bionic]>, <Function test_apache2_site[ansible://bionic]>, <Function test_wsgi[ansible://trusty]>, <Function test_apache2_site[ansible://trusty]>] [hook]
    pytest_runtestloop [hook]
        session: <Session default exitstatus=0 testsfailed=0 testscollected=4>
      pytest_runtest_protocol [hook]
          item: <Function test_wsgi[ansible://bionic]>
          nextitem: <Function test_apache2_site[ansible://bionic]>
        pytest_runtest_logstart [hook]
            nodeid: tests/test_default.py::test_wsgi[ansible://bionic]
            location: ('tests/test_default.py', 8, 'test_wsgi[ansible://bionic]')
        early skip of rewriting module: py._io.capture [assertion]
        finish pytest_runtest_logstart --> [] [hook]
        pytest_runtest_setup [hook]
            item: <Function test_wsgi[ansible://bionic]>
          pytest_fixture_setup [hook]
              fixturedef: <FixtureDef argname='_testinfra_host' scope='module' baseid=''>
              request: <SubRequest '_testinfra_host' for <Function test_wsgi[ansible://bionic]>>
          finish pytest_fixture_setup --> <testinfra.host.Host object at 0x7fbef5075198> [hook]
          pytest_fixture_setup [hook]
              fixturedef: <FixtureDef argname='host' scope='module' baseid=''>
              request: <SubRequest 'host' for <Function test_wsgi[ansible://bionic]>>
          finish pytest_fixture_setup --> <testinfra.host.Host object at 0x7fbef5075198> [hook]
        finish pytest_runtest_setup --> [] [hook]
        pytest_runtest_makereport [hook]
            item: <Function test_wsgi[ansible://bionic]>
            call: <CallInfo when='setup' result: []>
        finish pytest_runtest_makereport --> <TestReport 'tests/test_default.py::test_wsgi[ansible://bionic]' when='setup' outcome='passed'> [hook]
        pytest_runtest_logreport [hook]
            report: <TestReport 'tests/test_default.py::test_wsgi[ansible://bionic]' when='setup' outcome='passed'>
          pytest_report_teststatus [hook]
              report: <TestReport 'tests/test_default.py::test_wsgi[ansible://bionic]' when='setup' outcome='passed'>
              config: <_pytest.config.Config object at 0x7fbef82d5f28>
          finish pytest_report_teststatus --> ('', '', '') [hook]
        finish pytest_runtest_logreport --> [] [hook]
        pytest_runtest_call [hook]
            item: <Function test_wsgi[ansible://bionic]>
          pytest_pyfunc_call [hook]
              pyfuncitem: <Function test_wsgi[ansible://bionic]>
          matched marked file 'testinfra.modules.file' (from 'testinfra') [assertion]
          find_module called for: testinfra.modules.file [assertion]
          rewriting '/home/john/.local/share/virtualenvs/pycsw-app-rPdtfims/lib/python3.6/site-packages/testinfra/modules/file.py' [assertion]
          matched marked file 'testinfra.modules.base' (from 'testinfra') [assertion]
          find_module called for: testinfra.modules.base [assertion]
          rewriting '/home/john/.local/share/virtualenvs/pycsw-app-rPdtfims/lib/python3.6/site-packages/testinfra/modules/base.py' [assertion]
          matched marked file 'testinfra.modules.systeminfo' (from 'testinfra') [assertion]
          find_module called for: testinfra.modules.systeminfo [assertion]
          rewriting '/home/john/.local/share/virtualenvs/pycsw-app-rPdtfims/lib/python3.6/site-packages/testinfra/modules/systeminfo.py' [assertion]
          early skip of rewriting module: ansible.playbook.handler [assertion]
          early skip of rewriting module: ansible.playbook.task_include [assertion]
          early skip of rewriting module: ansible.playbook.role_include [assertion]
          early skip of rewriting module: ansible.playbook.handler_task_include [assertion]
          early skip of rewriting module: ansible.plugins.action [assertion]
          early skip of rewriting module: ansible.executor.module_common [assertion]
          early skip of rewriting module: distutils [assertion]
          early skip of rewriting module: distutils.dist [assertion]
          early skip of rewriting module: distutils.errors [assertion]
          early skip of rewriting module: distutils.fancy_getopt [assertion]
          early skip of rewriting module: getopt [assertion]
          early skip of rewriting module: distutils.util [assertion]
          early skip of rewriting module: distutils.dep_util [assertion]
          early skip of rewriting module: distutils.spawn [assertion]
          early skip of rewriting module: distutils.debug [assertion]
          early skip of rewriting module: distutils.log [assertion]
          early skip of rewriting module: distutils.sysconfig [assertion]
          early skip of rewriting module: distutils.version [assertion]
          early skip of rewriting module: ansible.plugins.shell [assertion]
          early skip of rewriting module: ansible.plugins.shell.powershell [assertion]
          early skip of rewriting module: ansible.executor.action_write_locks [assertion]
          early skip of rewriting module: ansible.module_utils.facts [assertion]
          early skip of rewriting module: ansible.module_utils.facts.compat [assertion]
          early skip of rewriting module: ansible.module_utils.facts.namespace [assertion]
          early skip of rewriting module: ansible.module_utils.facts.default_collectors [assertion]
          early skip of rewriting module: ansible.module_utils.facts.other [assertion]
          early skip of rewriting module: ansible.module_utils.facts.other.facter [assertion]
          early skip of rewriting module: ansible.module_utils.facts.collector [assertion]
          early skip of rewriting module: ansible.module_utils.facts.timeout [assertion]
          early skip of rewriting module: multiprocessing.pool [assertion]
          early skip of rewriting module: ansible.module_utils.facts.other.ohai [assertion]
          early skip of rewriting module: ansible.module_utils.facts.system [assertion]
          early skip of rewriting module: ansible.module_utils.facts.system.apparmor [assertion]
          early skip of rewriting module: ansible.module_utils.facts.system.caps [assertion]
          early skip of rewriting module: ansible.module_utils.facts.system.chroot [assertion]
          early skip of rewriting module: ansible.module_utils.facts.system.cmdline [assertion]
          early skip of rewriting module: ansible.module_utils.facts.utils [assertion]
          early skip of rewriting module: ansible.module_utils.facts.system.distribution [assertion]
          early skip of rewriting module: ansible.module_utils.facts.system.date_time [assertion]
          early skip of rewriting module: ansible.module_utils.facts.system.env [assertion]
          early skip of rewriting module: ansible.module_utils.facts.system.dns [assertion]
          early skip of rewriting module: ansible.module_utils.facts.system.fips [assertion]
          early skip of rewriting module: ansible.module_utils.facts.system.local [assertion]
          early skip of rewriting module: ansible.module_utils.facts.system.lsb [assertion]
          early skip of rewriting module: ansible.module_utils.facts.system.pkg_mgr [assertion]
          early skip of rewriting module: ansible.module_utils.facts.system.platform [assertion]
          early skip of rewriting module: ansible.module_utils.facts.system.python [assertion]
          early skip of rewriting module: ansible.module_utils.facts.system.selinux [assertion]
          early skip of rewriting module: selinux [assertion]
          early skip of rewriting module: ansible.module_utils.facts.system.service_mgr [assertion]
          early skip of rewriting module: ansible.module_utils.facts.system.ssh_pub_keys [assertion]
          early skip of rewriting module: ansible.module_utils.facts.system.user [assertion]
          early skip of rewriting module: ansible.module_utils.facts.hardware [assertion]
          early skip of rewriting module: ansible.module_utils.facts.hardware.base [assertion]
          early skip of rewriting module: ansible.module_utils.facts.hardware.aix [assertion]
          early skip of rewriting module: ansible.module_utils.facts.hardware.darwin [assertion]
          early skip of rewriting module: ansible.module_utils.facts.sysctl [assertion]
          early skip of rewriting module: ansible.module_utils.facts.hardware.dragonfly [assertion]
          early skip of rewriting module: ansible.module_utils.facts.hardware.freebsd [assertion]
          early skip of rewriting module: ansible.module_utils.facts.hardware.hpux [assertion]
          early skip of rewriting module: ansible.module_utils.facts.hardware.hurd [assertion]
          early skip of rewriting module: ansible.module_utils.facts.hardware.linux [assertion]
          early skip of rewriting module: ansible.module_utils.facts.hardware.netbsd [assertion]
          early skip of rewriting module: ansible.module_utils.facts.hardware.openbsd [assertion]
          early skip of rewriting module: ansible.module_utils.facts.hardware.sunos [assertion]
          early skip of rewriting module: ansible.module_utils.facts.network [assertion]
          early skip of rewriting module: ansible.module_utils.facts.network.base [assertion]
          early skip of rewriting module: ansible.module_utils.facts.network.aix [assertion]
          early skip of rewriting module: ansible.module_utils.facts.network.generic_bsd [assertion]
          early skip of rewriting module: ansible.module_utils.facts.network.darwin [assertion]
          early skip of rewriting module: ansible.module_utils.facts.network.dragonfly [assertion]
          early skip of rewriting module: ansible.module_utils.facts.network.freebsd [assertion]
          early skip of rewriting module: ansible.module_utils.facts.network.hpux [assertion]
          early skip of rewriting module: ansible.module_utils.facts.network.hurd [assertion]
          early skip of rewriting module: ansible.module_utils.facts.network.linux [assertion]
          early skip of rewriting module: ansible.module_utils.facts.network.iscsi [assertion]
          early skip of rewriting module: ansible.module_utils.facts.network.netbsd [assertion]
          early skip of rewriting module: ansible.module_utils.facts.network.openbsd [assertion]
          early skip of rewriting module: ansible.module_utils.facts.network.sunos [assertion]
          early skip of rewriting module: ansible.module_utils.facts.virtual [assertion]
          early skip of rewriting module: ansible.module_utils.facts.virtual.base [assertion]
          early skip of rewriting module: ansible.module_utils.facts.virtual.dragonfly [assertion]
          early skip of rewriting module: ansible.module_utils.facts.virtual.freebsd [assertion]
          early skip of rewriting module: ansible.module_utils.facts.virtual.hpux [assertion]
          early skip of rewriting module: ansible.module_utils.facts.virtual.linux [assertion]
          early skip of rewriting module: ansible.module_utils.facts.virtual.netbsd [assertion]
          early skip of rewriting module: ansible.module_utils.facts.virtual.sysctl [assertion]
          early skip of rewriting module: ansible.module_utils.facts.virtual.openbsd [assertion]
          early skip of rewriting module: ansible.module_utils.facts.virtual.sunos [assertion]
          early skip of rewriting module: ansible.module_utils.facts.ansible_collector [assertion]
          early skip of rewriting module: multiprocessing.synchronize [assertion]
          early skip of rewriting module: ansible.module_utils.json_utils [assertion]
          early skip of rewriting module: ansible.parsing.utils.jsonify [assertion]
          early skip of rewriting module: ansible.modules [assertion]
          early skip of rewriting module: multiprocessing.queues [assertion]
          early skip of rewriting module: ansible.plugins.callback.default [assertion]
          early skip of rewriting module: ansible.utils.module_docs_fragments [assertion]
          early skip of rewriting module: ansible.plugins.strategy [assertion]
          early skip of rewriting module: ansible.executor.process [assertion]
          early skip of rewriting module: ansible.executor.process.worker [assertion]
          early skip of rewriting module: Crypto [assertion]
          early skip of rewriting module: ansible.executor.task_executor [assertion]
          early skip of rewriting module: pty [assertion]
          early skip of rewriting module: tty [assertion]
          early skip of rewriting module: ansible.module_utils.connection [assertion]
          early skip of rewriting module: ansible.playbook.included_file [assertion]
          early skip of rewriting module: requests [assertion]
          early skip of rewriting module: urllib3 [assertion]
          early skip of rewriting module: urllib3.connectionpool [assertion]
          early skip of rewriting module: urllib3.exceptions [assertion]
          early skip of rewriting module: urllib3.packages [assertion]
          early skip of rewriting module: urllib3.packages.ssl_match_hostname [assertion]
          early skip of rewriting module: urllib3.packages.six [assertion]
          early skip of rewriting module: urllib3.packages.six.moves [assertion]
          early skip of rewriting module: urllib3.packages.six.moves.http_client [assertion]
          early skip of rewriting module: http [assertion]
          early skip of rewriting module: http.client [assertion]
          early skip of rewriting module: urllib3.connection [assertion]
          early skip of rewriting module: urllib3.util [assertion]
          early skip of rewriting module: urllib3.util.connection [assertion]
          early skip of rewriting module: urllib3.util.wait [assertion]
          early skip of rewriting module: urllib3.contrib [assertion]
          early skip of rewriting module: urllib3.contrib._appengine_environ [assertion]
          early skip of rewriting module: urllib3.util.request [assertion]
          early skip of rewriting module: urllib3.util.response [assertion]
          early skip of rewriting module: urllib3.util.ssl_ [assertion]
          early skip of rewriting module: urllib3.util.timeout [assertion]
          early skip of rewriting module: urllib3.util.retry [assertion]
          early skip of rewriting module: urllib3.util.url [assertion]
          early skip of rewriting module: urllib3._collections [assertion]
          early skip of rewriting module: urllib3.request [assertion]
          early skip of rewriting module: urllib3.filepost [assertion]
          early skip of rewriting module: urllib3.fields [assertion]
          early skip of rewriting module: mimetypes [assertion]
          early skip of rewriting module: winreg [assertion]
          early skip of rewriting module: urllib3.packages.six.moves.urllib [assertion]
          early skip of rewriting module: urllib3.packages.six.moves.urllib.parse [assertion]
          early skip of rewriting module: urllib3.response [assertion]
          early skip of rewriting module: urllib3.util.queue [assertion]
          early skip of rewriting module: urllib3.poolmanager [assertion]
          early skip of rewriting module: chardet [assertion]
          early skip of rewriting module: chardet.compat [assertion]
          early skip of rewriting module: chardet.universaldetector [assertion]
          early skip of rewriting module: chardet.charsetgroupprober [assertion]
          early skip of rewriting module: chardet.enums [assertion]
          early skip of rewriting module: chardet.charsetprober [assertion]
          early skip of rewriting module: chardet.escprober [assertion]
          early skip of rewriting module: chardet.codingstatemachine [assertion]
          early skip of rewriting module: chardet.escsm [assertion]
          early skip of rewriting module: chardet.latin1prober [assertion]
          early skip of rewriting module: chardet.mbcsgroupprober [assertion]
          early skip of rewriting module: chardet.utf8prober [assertion]
          early skip of rewriting module: chardet.mbcssm [assertion]
          early skip of rewriting module: chardet.sjisprober [assertion]
          early skip of rewriting module: chardet.mbcharsetprober [assertion]
          early skip of rewriting module: chardet.chardistribution [assertion]
          early skip of rewriting module: chardet.euctwfreq [assertion]
          early skip of rewriting module: chardet.euckrfreq [assertion]
          early skip of rewriting module: chardet.gb2312freq [assertion]
          early skip of rewriting module: chardet.big5freq [assertion]
          early skip of rewriting module: chardet.jisfreq [assertion]
          early skip of rewriting module: chardet.jpcntx [assertion]
          early skip of rewriting module: chardet.eucjpprober [assertion]
          early skip of rewriting module: chardet.gb2312prober [assertion]
          early skip of rewriting module: chardet.euckrprober [assertion]
          early skip of rewriting module: chardet.cp949prober [assertion]
          early skip of rewriting module: chardet.big5prober [assertion]
          early skip of rewriting module: chardet.euctwprober [assertion]
          early skip of rewriting module: chardet.sbcsgroupprober [assertion]
          early skip of rewriting module: chardet.sbcharsetprober [assertion]
          early skip of rewriting module: chardet.langcyrillicmodel [assertion]
          early skip of rewriting module: chardet.langgreekmodel [assertion]
          early skip of rewriting module: chardet.langbulgarianmodel [assertion]
          early skip of rewriting module: chardet.langthaimodel [assertion]
          early skip of rewriting module: chardet.langhebrewmodel [assertion]
          early skip of rewriting module: chardet.hebrewprober [assertion]
          early skip of rewriting module: chardet.langturkishmodel [assertion]
          early skip of rewriting module: chardet.version [assertion]
          early skip of rewriting module: requests.exceptions [assertion]
          early skip of rewriting module: urllib3.contrib.pyopenssl [assertion]
          early skip of rewriting module: OpenSSL [assertion]
          early skip of rewriting module: requests.__version__ [assertion]
          early skip of rewriting module: requests.utils [assertion]
          early skip of rewriting module: requests.certs [assertion]
          early skip of rewriting module: certifi [assertion]
          early skip of rewriting module: certifi.core [assertion]
          early skip of rewriting module: requests._internal_utils [assertion]
          early skip of rewriting module: requests.compat [assertion]
          early skip of rewriting module: simplejson [assertion]
          early skip of rewriting module: urllib.request [assertion]
          early skip of rewriting module: urllib.error [assertion]
          early skip of rewriting module: urllib.response [assertion]
          early skip of rewriting module: http.cookiejar [assertion]
          early skip of rewriting module: http.cookies [assertion]
          early skip of rewriting module: requests.cookies [assertion]
          early skip of rewriting module: requests.structures [assertion]
          early skip of rewriting module: requests.packages [assertion]
          early skip of rewriting module: idna [assertion]
          early skip of rewriting module: idna.package_data [assertion]
          early skip of rewriting module: idna.core [assertion]
          early skip of rewriting module: idna.idnadata [assertion]
          early skip of rewriting module: idna.intranges [assertion]
          early skip of rewriting module: requests.models [assertion]
          early skip of rewriting module: requests.hooks [assertion]
          early skip of rewriting module: requests.auth [assertion]
          early skip of rewriting module: requests.status_codes [assertion]
          early skip of rewriting module: requests.api [assertion]
          early skip of rewriting module: requests.sessions [assertion]
          early skip of rewriting module: requests.adapters [assertion]
          early skip of rewriting module: urllib3.contrib.socks [assertion]
          early skip of rewriting module: socks [assertion]
          early skip of rewriting module: ansible.module_utils.urls [assertion]
          early skip of rewriting module: netrc [assertion]
          early skip of rewriting module: httplib [assertion]
          early skip of rewriting module: ansible.module_utils.six.moves.http_cookiejar [assertion]
          early skip of rewriting module: ansible.module_utils.six.moves.urllib [assertion]
          early skip of rewriting module: ansible.module_utils.six.moves.urllib.request [assertion]
          early skip of rewriting module: ansible.module_utils.six.moves.urllib.error [assertion]
          early skip of rewriting module: ansible.module_utils.six.moves.urllib.parse [assertion]
          early skip of rewriting module: urllib3.contrib.pyopenssl [assertion]
          early skip of rewriting module: OpenSSL [assertion]
          early skip of rewriting module: requests.packages.urllib3.contrib.pyopenssl [assertion]
          early skip of rewriting module: OpenSSL [assertion]
          early skip of rewriting module: urllib3.contrib.pyopenssl [assertion]
          early skip of rewriting module: OpenSSL [assertion]
          early skip of rewriting module: requests.packages.urllib3.contrib.pyopenssl [assertion]
          early skip of rewriting module: OpenSSL [assertion]
          early skip of rewriting module: prettytable [assertion]
          early skip of rewriting module: xmpp [assertion]
          early skip of rewriting module: junit_xml [assertion]
          early skip of rewriting module: logdna [assertion]
          early skip of rewriting module: flatdict [assertion]
          early skip of rewriting module: logstash [assertion]
          early skip of rewriting module: smtplib [assertion]
          early skip of rewriting module: email.generator [assertion]
          early skip of rewriting module: prettytable [assertion]
          early skip of rewriting module: logging.handlers [assertion]
          early skip of rewriting module: ansible.parsing.yaml.dumper [assertion]
          early skip of rewriting module: ansible.plugins.test [assertion]
          early skip of rewriting module: ansible.plugins.filter [assertion]
          early skip of rewriting module: crypt [assertion]
          early skip of rewriting module: _crypt [assertion]
          early skip of rewriting module: ansible.module_utils.common.collections [assertion]
          early skip of rewriting module: ansible.utils.encrypt [assertion]
          early skip of rewriting module: passlib [assertion]
          early skip of rewriting module: ansible.utils.hashing [assertion]
          early skip of rewriting module: ansible.utils.unicode [assertion]
          early skip of rewriting module: netaddr [assertion]
          early skip of rewriting module: jmespath [assertion]
          early skip of rewriting module: molecule [assertion]
          early skip of rewriting module: pbr [assertion]
          early skip of rewriting module: pbr.version [assertion]
          early skip of rewriting module: molecule.config [assertion]
          early skip of rewriting module: anyconfig [assertion]
          early skip of rewriting module: anyconfig.globals [assertion]
          early skip of rewriting module: anyconfig.init [assertion]
          early skip of rewriting module: anyconfig.compat [assertion]
          early skip of rewriting module: anyconfig.api [assertion]
          early skip of rewriting module: anyconfig.backends [assertion]
          early skip of rewriting module: anyconfig.ioinfo [assertion]
          early skip of rewriting module: anyconfig.utils [assertion]
          early skip of rewriting module: anyconfig.processors [assertion]
          early skip of rewriting module: anyconfig.backend [assertion]
          early skip of rewriting module: anyconfig.backend.base [assertion]
          early skip of rewriting module: anyconfig.backend.ini [assertion]
          early skip of rewriting module: anyconfig.parser [assertion]
          early skip of rewriting module: anyconfig.backend.json [assertion]
          early skip of rewriting module: anyconfig.backend.pickle [assertion]
          early skip of rewriting module: cPickle [assertion]
          early skip of rewriting module: anyconfig.backend.properties [assertion]
          early skip of rewriting module: anyconfig.backend.shellvars [assertion]
          early skip of rewriting module: anyconfig.backend.xml [assertion]
          early skip of rewriting module: xml.etree [assertion]
          early skip of rewriting module: xml.etree.cElementTree [assertion]
          early skip of rewriting module: xml.etree.ElementTree [assertion]
          early skip of rewriting module: xml.etree.ElementPath [assertion]
          early skip of rewriting module: _elementtree [assertion]
          early skip of rewriting module: anyconfig.backend.yaml [assertion]
          early skip of rewriting module: ruamel.yaml [assertion]
          early skip of rewriting module: ruamel.yaml.cyaml [assertion]
          early skip of rewriting module: _ruamel_yaml [assertion]
          early skip of rewriting module: ruamel.yaml.error [assertion]
          early skip of rewriting module: ruamel.yaml.compat [assertion]
          early skip of rewriting module: ruamel.ordereddict [assertion]
          early skip of rewriting module: ruamel.yaml.reader [assertion]
          early skip of rewriting module: ruamel.yaml.util [assertion]
          early skip of rewriting module: ruamel.yaml.scanner [assertion]
          early skip of rewriting module: ruamel.yaml.tokens [assertion]
          early skip of rewriting module: ruamel.yaml.parser [assertion]
          early skip of rewriting module: ruamel.yaml.events [assertion]
          early skip of rewriting module: ruamel.yaml.composer [assertion]
          early skip of rewriting module: ruamel.yaml.nodes [assertion]
          early skip of rewriting module: ruamel.yaml.constructor [assertion]
          early skip of rewriting module: ruamel.yaml.comments [assertion]
          early skip of rewriting module: ruamel.yaml.scalarstring [assertion]
          early skip of rewriting module: ruamel.yaml.anchor [assertion]
          early skip of rewriting module: ruamel.yaml.scalarint [assertion]
          early skip of rewriting module: ruamel.yaml.scalarfloat [assertion]
          early skip of rewriting module: ruamel.yaml.scalarbool [assertion]
          early skip of rewriting module: ruamel.yaml.timestamp [assertion]
          early skip of rewriting module: ruamel.yaml.emitter [assertion]
          early skip of rewriting module: ruamel.yaml.serializer [assertion]
          early skip of rewriting module: ruamel.yaml.representer [assertion]
          early skip of rewriting module: ruamel.yaml.resolver [assertion]
          early skip of rewriting module: ruamel.yaml.main [assertion]
          early skip of rewriting module: ruamel.yaml.loader [assertion]
          early skip of rewriting module: ruamel.yaml.dumper [assertion]
          early skip of rewriting module: anyconfig.backend.configobj [assertion]
          early skip of rewriting module: configobj [assertion]
          early skip of rewriting module: anyconfig.backend.toml [assertion]
          early skip of rewriting module: toml [assertion]
          early skip of rewriting module: anyconfig.query [assertion]
          early skip of rewriting module: jmespath [assertion]
          early skip of rewriting module: anyconfig.dicts [assertion]
          early skip of rewriting module: anyconfig.template [assertion]
          early skip of rewriting module: anyconfig.schema [assertion]
          early skip of rewriting module: jsonschema [assertion]
          early skip of rewriting module: molecule.interpolation [assertion]
          early skip of rewriting module: molecule.logger [assertion]
          early skip of rewriting module: colorama [assertion]
          early skip of rewriting module: colorama.initialise [assertion]
          early skip of rewriting module: colorama.ansitowin32 [assertion]
          early skip of rewriting module: colorama.ansi [assertion]
          early skip of rewriting module: colorama.winterm [assertion]
          early skip of rewriting module: colorama.win32 [assertion]
          early skip of rewriting module: molecule.platforms [assertion]
          early skip of rewriting module: molecule.scenario [assertion]
          early skip of rewriting module: molecule.scenarios [assertion]
          early skip of rewriting module: tree_format [assertion]
          early skip of rewriting module: tree_format._text [assertion]
          early skip of rewriting module: molecule.util [assertion]
          early skip of rewriting module: molecule.state [assertion]
          early skip of rewriting module: molecule.dependency [assertion]
          early skip of rewriting module: molecule.dependency.ansible_galaxy [assertion]
          early skip of rewriting module: sh [assertion]
          early skip of rewriting module: gc [assertion]
          early skip of rewriting module: resource [assertion]
          early skip of rewriting module: molecule.dependency.base [assertion]
          early skip of rewriting module: molecule.dependency.gilt [assertion]
          early skip of rewriting module: molecule.dependency.shell [assertion]
          early skip of rewriting module: molecule.driver [assertion]
          early skip of rewriting module: molecule.driver.azure [assertion]
          early skip of rewriting module: molecule.driver.base [assertion]
          early skip of rewriting module: molecule.status [assertion]
          early skip of rewriting module: molecule.driver.delegated [assertion]
          early skip of rewriting module: molecule.driver.docker [assertion]
          early skip of rewriting module: molecule.driver.ec2 [assertion]
          early skip of rewriting module: molecule.driver.gce [assertion]
          early skip of rewriting module: molecule.driver.linode [assertion]
          early skip of rewriting module: molecule.driver.lxc [assertion]
          early skip of rewriting module: molecule.driver.lxd [assertion]
          early skip of rewriting module: molecule.driver.openstack [assertion]
          early skip of rewriting module: molecule.driver.vagrant [assertion]
          early skip of rewriting module: molecule.lint [assertion]
          early skip of rewriting module: molecule.lint.yamllint [assertion]
          early skip of rewriting module: molecule.lint.base [assertion]
          early skip of rewriting module: molecule.model [assertion]
          early skip of rewriting module: molecule.model.schema_v2 [assertion]
          early skip of rewriting module: cerberus [assertion]
          early skip of rewriting module: cerberus.validator [assertion]
          early skip of rewriting module: cerberus.errors [assertion]
          early skip of rewriting module: cerberus.platform [assertion]
          early skip of rewriting module: cerberus.utils [assertion]
          early skip of rewriting module: cerberus.schema [assertion]
          early skip of rewriting module: molecule.provisioner [assertion]
          early skip of rewriting module: molecule.provisioner.ansible [assertion]
          early skip of rewriting module: molecule.provisioner.base [assertion]
          early skip of rewriting module: molecule.provisioner.lint [assertion]
          early skip of rewriting module: molecule.provisioner.lint.ansible_lint [assertion]
          early skip of rewriting module: molecule.provisioner.lint.base [assertion]
          early skip of rewriting module: molecule.provisioner.ansible_playbook [assertion]
          early skip of rewriting module: molecule.provisioner.ansible_playbooks [assertion]
          early skip of rewriting module: molecule.verifier [assertion]
          early skip of rewriting module: molecule.verifier.goss [assertion]
          early skip of rewriting module: molecule.verifier.base [assertion]
          early skip of rewriting module: molecule.verifier.lint [assertion]
          early skip of rewriting module: molecule.verifier.lint.flake8 [assertion]
          early skip of rewriting module: molecule.verifier.lint.base [assertion]
          early skip of rewriting module: molecule.verifier.lint.rubocop [assertion]
          early skip of rewriting module: molecule.verifier.lint.yamllint [assertion]
          early skip of rewriting module: molecule.verifier.inspec [assertion]
          early skip of rewriting module: molecule.verifier.testinfra [assertion]
          early skip of rewriting module: ansible.module_utils.network [assertion]
          early skip of rewriting module: ansible.module_utils.network.common [assertion]
          early skip of rewriting module: ansible.module_utils.network.common.utils [assertion]
          early skip of rewriting module: textfsm [assertion]
          early skip of rewriting module: passlib [assertion]
          early skip of rewriting module: ansible.plugins.vars [assertion]
          early skip of rewriting module: ansible.plugins.connection [assertion]
          early skip of rewriting module: multiprocessing.popen_fork [assertion]
        pytest_runtest_makereport [hook]
            item: <Function test_wsgi[ansible://bionic]>
            call: <CallInfo when='call' exception: assert False
 +  where False = <file /etc/ckan/apache.wsgi>.exists>
        finish pytest_runtest_makereport --> <TestReport 'tests/test_default.py::test_wsgi[ansible://bionic]' when='call' outcome='failed'> [hook]
        pytest_runtest_logreport [hook]
            report: <TestReport 'tests/test_default.py::test_wsgi[ansible://bionic]' when='call' outcome='failed'>
          pytest_report_teststatus [hook]
              report: <TestReport 'tests/test_default.py::test_wsgi[ansible://bionic]' when='call' outcome='failed'>
              config: <_pytest.config.Config object at 0x7fbef82d5f28>
          finish pytest_report_teststatus --> ('failed', 'F', 'FAILED') [hook]
        finish pytest_runtest_logreport --> [] [hook]
        pytest_exception_interact [hook]
            node: <Function test_wsgi[ansible://bionic]>
            call: <CallInfo when='call' exception: assert False
 +  where False = <file /etc/ckan/apache.wsgi>.exists>
            report: <TestReport 'tests/test_default.py::test_wsgi[ansible://bionic]' when='call' outcome='failed'>
        finish pytest_exception_interact --> [] [hook]
        pytest_runtest_teardown [hook]
            item: <Function test_wsgi[ansible://bionic]>
            nextitem: <Function test_apache2_site[ansible://bionic]>
        finish pytest_runtest_teardown --> [] [hook]
        pytest_runtest_makereport [hook]
            item: <Function test_wsgi[ansible://bionic]>
            call: <CallInfo when='teardown' result: []>
        finish pytest_runtest_makereport --> <TestReport 'tests/test_default.py::test_wsgi[ansible://bionic]' when='teardown' outcome='passed'> [hook]
        pytest_runtest_logreport [hook]
            report: <TestReport 'tests/test_default.py::test_wsgi[ansible://bionic]' when='teardown' outcome='passed'>
          pytest_report_teststatus [hook]
              report: <TestReport 'tests/test_default.py::test_wsgi[ansible://bionic]' when='teardown' outcome='passed'>
              config: <_pytest.config.Config object at 0x7fbef82d5f28>
          finish pytest_report_teststatus --> ('', '', '') [hook]
        finish pytest_runtest_logreport --> [] [hook]
        pytest_runtest_logfinish [hook]
            nodeid: tests/test_default.py::test_wsgi[ansible://bionic]
            location: ('tests/test_default.py', 8, 'test_wsgi[ansible://bionic]')
        finish pytest_runtest_logfinish --> [] [hook]
      finish pytest_runtest_protocol --> True [hook]
      pytest_runtest_protocol [hook]
          item: <Function test_apache2_site[ansible://bionic]>
          nextitem: <Function test_wsgi[ansible://trusty]>
        pytest_runtest_logstart [hook]
            nodeid: tests/test_default.py::test_apache2_site[ansible://bionic]
            location: ('tests/test_default.py', 17, 'test_apache2_site[ansible://bionic]')
        finish pytest_runtest_logstart --> [] [hook]
        pytest_runtest_setup [hook]
            item: <Function test_apache2_site[ansible://bionic]>
        finish pytest_runtest_setup --> [] [hook]
        pytest_runtest_makereport [hook]
            item: <Function test_apache2_site[ansible://bionic]>
            call: <CallInfo when='setup' result: []>
        finish pytest_runtest_makereport --> <TestReport 'tests/test_default.py::test_apache2_site[ansible://bionic]' when='setup' outcome='passed'> [hook]
        pytest_runtest_logreport [hook]
            report: <TestReport 'tests/test_default.py::test_apache2_site[ansible://bionic]' when='setup' outcome='passed'>
          pytest_report_teststatus [hook]
              report: <TestReport 'tests/test_default.py::test_apache2_site[ansible://bionic]' when='setup' outcome='passed'>
              config: <_pytest.config.Config object at 0x7fbef82d5f28>
          finish pytest_report_teststatus --> ('', '', '') [hook]
        finish pytest_runtest_logreport --> [] [hook]
        pytest_runtest_call [hook]
            item: <Function test_apache2_site[ansible://bionic]>
          pytest_pyfunc_call [hook]
              pyfuncitem: <Function test_apache2_site[ansible://bionic]>
        pytest_runtest_makereport [hook]
            item: <Function test_apache2_site[ansible://bionic]>
            call: <CallInfo when='call' exception: assert False
 +  where False = <file /etc/apache2/sites-enabled/ckan.conf>.exists>
        finish pytest_runtest_makereport --> <TestReport 'tests/test_default.py::test_apache2_site[ansible://bionic]' when='call' outcome='failed'> [hook]
        pytest_runtest_logreport [hook]
            report: <TestReport 'tests/test_default.py::test_apache2_site[ansible://bionic]' when='call' outcome='failed'>
          pytest_report_teststatus [hook]
              report: <TestReport 'tests/test_default.py::test_apache2_site[ansible://bionic]' when='call' outcome='failed'>
              config: <_pytest.config.Config object at 0x7fbef82d5f28>
          finish pytest_report_teststatus --> ('failed', 'F', 'FAILED') [hook]
        finish pytest_runtest_logreport --> [] [hook]
        pytest_exception_interact [hook]
            node: <Function test_apache2_site[ansible://bionic]>
            call: <CallInfo when='call' exception: assert False
 +  where False = <file /etc/apache2/sites-enabled/ckan.conf>.exists>
            report: <TestReport 'tests/test_default.py::test_apache2_site[ansible://bionic]' when='call' outcome='failed'>
        finish pytest_exception_interact --> [] [hook]
        pytest_runtest_teardown [hook]
            item: <Function test_apache2_site[ansible://bionic]>
            nextitem: <Function test_wsgi[ansible://trusty]>
        finish pytest_runtest_teardown --> [] [hook]
        pytest_runtest_makereport [hook]
            item: <Function test_apache2_site[ansible://bionic]>
            call: <CallInfo when='teardown' result: []>
        finish pytest_runtest_makereport --> <TestReport 'tests/test_default.py::test_apache2_site[ansible://bionic]' when='teardown' outcome='passed'> [hook]
        pytest_runtest_logreport [hook]
            report: <TestReport 'tests/test_default.py::test_apache2_site[ansible://bionic]' when='teardown' outcome='passed'>
          pytest_report_teststatus [hook]
              report: <TestReport 'tests/test_default.py::test_apache2_site[ansible://bionic]' when='teardown' outcome='passed'>
              config: <_pytest.config.Config object at 0x7fbef82d5f28>
          finish pytest_report_teststatus --> ('', '', '') [hook]
        finish pytest_runtest_logreport --> [] [hook]
        pytest_runtest_logfinish [hook]
            nodeid: tests/test_default.py::test_apache2_site[ansible://bionic]
            location: ('tests/test_default.py', 17, 'test_apache2_site[ansible://bionic]')
        finish pytest_runtest_logfinish --> [] [hook]
      finish pytest_runtest_protocol --> True [hook]
      pytest_runtest_protocol [hook]
          item: <Function test_wsgi[ansible://trusty]>
          nextitem: <Function test_apache2_site[ansible://trusty]>
        pytest_runtest_logstart [hook]
            nodeid: tests/test_default.py::test_wsgi[ansible://trusty]
            location: ('tests/test_default.py', 8, 'test_wsgi[ansible://trusty]')
        finish pytest_runtest_logstart --> [] [hook]
        pytest_runtest_setup [hook]
            item: <Function test_wsgi[ansible://trusty]>
          pytest_fixture_post_finalizer [hook]
              fixturedef: <FixtureDef argname='host' scope='module' baseid=''>
              request: <SubRequest 'host' for <Function test_apache2_site[ansible://bionic]>>
          finish pytest_fixture_post_finalizer --> [] [hook]
          pytest_fixture_post_finalizer [hook]
              fixturedef: <FixtureDef argname='host' scope='module' baseid=''>
              request: <SubRequest 'host' for <Function test_wsgi[ansible://bionic]>>
          finish pytest_fixture_post_finalizer --> [] [hook]
          pytest_fixture_post_finalizer [hook]
              fixturedef: <FixtureDef argname='_testinfra_host' scope='module' baseid=''>
              request: <SubRequest '_testinfra_host' for <Function test_wsgi[ansible://trusty]>>
          finish pytest_fixture_post_finalizer --> [] [hook]
          pytest_fixture_setup [hook]
              fixturedef: <FixtureDef argname='_testinfra_host' scope='module' baseid=''>
              request: <SubRequest '_testinfra_host' for <Function test_wsgi[ansible://trusty]>>
          finish pytest_fixture_setup --> <testinfra.host.Host object at 0x7fbef5075710> [hook]
          pytest_fixture_setup [hook]
              fixturedef: <FixtureDef argname='host' scope='module' baseid=''>
              request: <SubRequest 'host' for <Function test_wsgi[ansible://trusty]>>
          finish pytest_fixture_setup --> <testinfra.host.Host object at 0x7fbef5075710> [hook]
        finish pytest_runtest_setup --> [] [hook]
        pytest_runtest_makereport [hook]
            item: <Function test_wsgi[ansible://trusty]>
            call: <CallInfo when='setup' result: []>
        finish pytest_runtest_makereport --> <TestReport 'tests/test_default.py::test_wsgi[ansible://trusty]' when='setup' outcome='passed'> [hook]
        pytest_runtest_logreport [hook]
            report: <TestReport 'tests/test_default.py::test_wsgi[ansible://trusty]' when='setup' outcome='passed'>
          pytest_report_teststatus [hook]
              report: <TestReport 'tests/test_default.py::test_wsgi[ansible://trusty]' when='setup' outcome='passed'>
              config: <_pytest.config.Config object at 0x7fbef82d5f28>
          finish pytest_report_teststatus --> ('', '', '') [hook]
        finish pytest_runtest_logreport --> [] [hook]
        pytest_runtest_call [hook]
            item: <Function test_wsgi[ansible://trusty]>
          pytest_pyfunc_call [hook]
              pyfuncitem: <Function test_wsgi[ansible://trusty]>
        pytest_runtest_makereport [hook]
            item: <Function test_wsgi[ansible://trusty]>
            call: <CallInfo when='call' exception: assert False
 +  where False = <file /etc/ckan/apache.wsgi>.exists>
        finish pytest_runtest_makereport --> <TestReport 'tests/test_default.py::test_wsgi[ansible://trusty]' when='call' outcome='failed'> [hook]
        pytest_runtest_logreport [hook]
            report: <TestReport 'tests/test_default.py::test_wsgi[ansible://trusty]' when='call' outcome='failed'>
          pytest_report_teststatus [hook]
              report: <TestReport 'tests/test_default.py::test_wsgi[ansible://trusty]' when='call' outcome='failed'>
              config: <_pytest.config.Config object at 0x7fbef82d5f28>
          finish pytest_report_teststatus --> ('failed', 'F', 'FAILED') [hook]
        finish pytest_runtest_logreport --> [] [hook]
        pytest_exception_interact [hook]
            node: <Function test_wsgi[ansible://trusty]>
            call: <CallInfo when='call' exception: assert False
 +  where False = <file /etc/ckan/apache.wsgi>.exists>
            report: <TestReport 'tests/test_default.py::test_wsgi[ansible://trusty]' when='call' outcome='failed'>
        finish pytest_exception_interact --> [] [hook]
        pytest_runtest_teardown [hook]
            item: <Function test_wsgi[ansible://trusty]>
            nextitem: <Function test_apache2_site[ansible://trusty]>
        finish pytest_runtest_teardown --> [] [hook]
        pytest_runtest_makereport [hook]
            item: <Function test_wsgi[ansible://trusty]>
            call: <CallInfo when='teardown' result: []>
        finish pytest_runtest_makereport --> <TestReport 'tests/test_default.py::test_wsgi[ansible://trusty]' when='teardown' outcome='passed'> [hook]
        pytest_runtest_logreport [hook]
            report: <TestReport 'tests/test_default.py::test_wsgi[ansible://trusty]' when='teardown' outcome='passed'>
          pytest_report_teststatus [hook]
              report: <TestReport 'tests/test_default.py::test_wsgi[ansible://trusty]' when='teardown' outcome='passed'>
              config: <_pytest.config.Config object at 0x7fbef82d5f28>
          finish pytest_report_teststatus --> ('', '', '') [hook]
        finish pytest_runtest_logreport --> [] [hook]
        pytest_runtest_logfinish [hook]
            nodeid: tests/test_default.py::test_wsgi[ansible://trusty]
            location: ('tests/test_default.py', 8, 'test_wsgi[ansible://trusty]')
        finish pytest_runtest_logfinish --> [] [hook]
      finish pytest_runtest_protocol --> True [hook]
      pytest_runtest_protocol [hook]
          item: <Function test_apache2_site[ansible://trusty]>
          nextitem: None
        pytest_runtest_logstart [hook]
            nodeid: tests/test_default.py::test_apache2_site[ansible://trusty]
            location: ('tests/test_default.py', 17, 'test_apache2_site[ansible://trusty]')
        finish pytest_runtest_logstart --> [] [hook]
        pytest_runtest_setup [hook]
            item: <Function test_apache2_site[ansible://trusty]>
        finish pytest_runtest_setup --> [] [hook]
        pytest_runtest_makereport [hook]
            item: <Function test_apache2_site[ansible://trusty]>
            call: <CallInfo when='setup' result: []>
        finish pytest_runtest_makereport --> <TestReport 'tests/test_default.py::test_apache2_site[ansible://trusty]' when='setup' outcome='passed'> [hook]
        pytest_runtest_logreport [hook]
            report: <TestReport 'tests/test_default.py::test_apache2_site[ansible://trusty]' when='setup' outcome='passed'>
          pytest_report_teststatus [hook]
              report: <TestReport 'tests/test_default.py::test_apache2_site[ansible://trusty]' when='setup' outcome='passed'>
              config: <_pytest.config.Config object at 0x7fbef82d5f28>
          finish pytest_report_teststatus --> ('', '', '') [hook]
        finish pytest_runtest_logreport --> [] [hook]
        pytest_runtest_call [hook]
            item: <Function test_apache2_site[ansible://trusty]>
          pytest_pyfunc_call [hook]
              pyfuncitem: <Function test_apache2_site[ansible://trusty]>
        pytest_runtest_makereport [hook]
            item: <Function test_apache2_site[ansible://trusty]>
            call: <CallInfo when='call' exception: assert False
 +  where False = <file /etc/apache2/sites-enabled/ckan.conf>.exists>
        finish pytest_runtest_makereport --> <TestReport 'tests/test_default.py::test_apache2_site[ansible://trusty]' when='call' outcome='failed'> [hook]
        pytest_runtest_logreport [hook]
            report: <TestReport 'tests/test_default.py::test_apache2_site[ansible://trusty]' when='call' outcome='failed'>
          pytest_report_teststatus [hook]
              report: <TestReport 'tests/test_default.py::test_apache2_site[ansible://trusty]' when='call' outcome='failed'>
              config: <_pytest.config.Config object at 0x7fbef82d5f28>
          finish pytest_report_teststatus --> ('failed', 'F', 'FAILED') [hook]
        finish pytest_runtest_logreport --> [] [hook]
        pytest_exception_interact [hook]
            node: <Function test_apache2_site[ansible://trusty]>
            call: <CallInfo when='call' exception: assert False
 +  where False = <file /etc/apache2/sites-enabled/ckan.conf>.exists>
            report: <TestReport 'tests/test_default.py::test_apache2_site[ansible://trusty]' when='call' outcome='failed'>
        finish pytest_exception_interact --> [] [hook]
        pytest_runtest_teardown [hook]
            item: <Function test_apache2_site[ansible://trusty]>
            nextitem: None
          pytest_fixture_post_finalizer [hook]
              fixturedef: <FixtureDef argname='host' scope='module' baseid=''>
              request: <SubRequest 'host' for <Function test_apache2_site[ansible://trusty]>>
          finish pytest_fixture_post_finalizer --> [] [hook]
          pytest_fixture_post_finalizer [hook]
              fixturedef: <FixtureDef argname='host' scope='module' baseid=''>
              request: <SubRequest 'host' for <Function test_apache2_site[ansible://trusty]>>
          finish pytest_fixture_post_finalizer --> [] [hook]
          pytest_fixture_post_finalizer [hook]
              fixturedef: <FixtureDef argname='host' scope='module' baseid=''>
              request: <SubRequest 'host' for <Function test_wsgi[ansible://trusty]>>
          finish pytest_fixture_post_finalizer --> [] [hook]
          pytest_fixture_post_finalizer [hook]
              fixturedef: <FixtureDef argname='_testinfra_host' scope='module' baseid=''>
              request: <SubRequest '_testinfra_host' for <Function test_apache2_site[ansible://trusty]>>
          finish pytest_fixture_post_finalizer --> [] [hook]
          pytest_fixture_post_finalizer [hook]
              fixturedef: <FixtureDef argname='host' scope='module' baseid=''>
              request: <SubRequest 'host' for <Function test_wsgi[ansible://trusty]>>
          finish pytest_fixture_post_finalizer --> [] [hook]
          pytest_fixture_post_finalizer [hook]
              fixturedef: <FixtureDef argname='_testinfra_host' scope='module' baseid=''>
              request: <SubRequest '_testinfra_host' for <Function test_wsgi[ansible://trusty]>>
          finish pytest_fixture_post_finalizer --> [] [hook]
          pytest_fixture_post_finalizer [hook]
              fixturedef: <FixtureDef argname='host' scope='module' baseid=''>
              request: <SubRequest 'host' for <Function test_apache2_site[ansible://bionic]>>
          finish pytest_fixture_post_finalizer --> [] [hook]
          pytest_fixture_post_finalizer [hook]
              fixturedef: <FixtureDef argname='_testinfra_host' scope='module' baseid=''>
              request: <SubRequest '_testinfra_host' for <Function test_apache2_site[ansible://bionic]>>
          finish pytest_fixture_post_finalizer --> [] [hook]
          pytest_fixture_post_finalizer [hook]
              fixturedef: <FixtureDef argname='host' scope='module' baseid=''>
              request: <SubRequest 'host' for <Function test_wsgi[ansible://bionic]>>
          finish pytest_fixture_post_finalizer --> [] [hook]
          pytest_fixture_post_finalizer [hook]
              fixturedef: <FixtureDef argname='_testinfra_host' scope='module' baseid=''>
              request: <SubRequest '_testinfra_host' for <Function test_wsgi[ansible://bionic]>>
          finish pytest_fixture_post_finalizer --> [] [hook]
        finish pytest_runtest_teardown --> [] [hook]
        pytest_runtest_makereport [hook]
            item: <Function test_apache2_site[ansible://trusty]>
            call: <CallInfo when='teardown' result: []>
        finish pytest_runtest_makereport --> <TestReport 'tests/test_default.py::test_apache2_site[ansible://trusty]' when='teardown' outcome='passed'> [hook]
        pytest_runtest_logreport [hook]
            report: <TestReport 'tests/test_default.py::test_apache2_site[ansible://trusty]' when='teardown' outcome='passed'>
          pytest_report_teststatus [hook]
              report: <TestReport 'tests/test_default.py::test_apache2_site[ansible://trusty]' when='teardown' outcome='passed'>
              config: <_pytest.config.Config object at 0x7fbef82d5f28>
          finish pytest_report_teststatus --> ('', '', '') [hook]
        finish pytest_runtest_logreport --> [] [hook]
        pytest_runtest_logfinish [hook]
            nodeid: tests/test_default.py::test_apache2_site[ansible://trusty]
            location: ('tests/test_default.py', 17, 'test_apache2_site[ansible://trusty]')
        finish pytest_runtest_logfinish --> [] [hook]
      finish pytest_runtest_protocol --> True [hook]
    finish pytest_runtestloop --> True [hook]
    pytest_sessionfinish [hook]
        session: <Session default exitstatus=1 testsfailed=4 testscollected=4>
        exitstatus: 1
      pytest_terminal_summary [hook]
          terminalreporter: <_pytest.terminal.TerminalReporter object at 0x7fbef7e8f048>
          exitstatus: 1
          config: <_pytest.config.Config object at 0x7fbef82d5f28>
      finish pytest_terminal_summary --> [] [hook]
    finish pytest_sessionfinish --> [] [hook]
    pytest_unconfigure [hook]
        config: <_pytest.config.Config object at 0x7fbef82d5f28>
    finish pytest_unconfigure --> [] [hook]
